<?xml version="1.0" encoding="utf-8"?>
<TestRun id="821bba9c-c425-41b1-882e-8b8a361c06b3" name="M1050812@G1C2ML15534 2019-04-12 14:37:29" runUser="MINDTREE\M1050812" xmlns="http://microsoft.com/schemas/VisualStudio/TeamTest/2010">
  <Times creation="2019-04-12T14:37:29.6773591+05:30" queuing="2019-04-12T14:37:29.6773591+05:30" start="2019-04-12T14:37:27.5025792+05:30" finish="2019-04-12T14:37:30.2728231+05:30" />
  <TestSettings name="default" id="e8e01377-48c6-46cd-a424-04f959e4209c">
    <Deployment runDeploymentRoot="M1050812_G1C2ML15534_2019-04-12_14_37_29" />
  </TestSettings>
  <Results>
    <UnitTestResult executionId="b289436d-6cc3-4017-a3e9-b440eec2a727" testId="e72ec655-e787-c02c-b8ae-f4c6dbdfae49" testName="RemoveFromWishList_NegativeTestCases_NotThereEx" computerName="G1C2ML15534" duration="00:00:00.0030478" startTime="2019-04-12T14:37:29.6426011+05:30" endTime="2019-04-12T14:37:29.6458165+05:30" testType="13cdc9d9-ddb5-4fa4-a97d-d965ccfc6d4b" outcome="Passed" testListId="8c84fa94-04c1-424b-9868-57a2d4851a1d" relativeResultsDirectory="b289436d-6cc3-4017-a3e9-b440eec2a727" />
    <UnitTestResult executionId="9dc18d3a-ad18-4acf-9376-6f766e161421" testId="813c7a8b-6ad3-b62a-ba49-46221f7434ca" testName="UpdateRoom_City" computerName="G1C2ML15534" duration="00:00:00.0041115" startTime="2019-04-12T14:37:29.8674290+05:30" endTime="2019-04-12T14:37:29.8717880+05:30" testType="13cdc9d9-ddb5-4fa4-a97d-d965ccfc6d4b" outcome="Passed" testListId="8c84fa94-04c1-424b-9868-57a2d4851a1d" relativeResultsDirectory="9dc18d3a-ad18-4acf-9376-6f766e161421" />
    <UnitTestResult executionId="3bfa03db-c7b6-4b31-997b-199dc92ea5d5" testId="9c3d46ec-294e-31ed-02e2-7b347bc7be49" testName="Getpartnerdata_NegativeTestCases_TestResults" computerName="G1C2ML15534" duration="00:00:00.0013860" startTime="2019-04-12T14:37:29.3929124+05:30" endTime="2019-04-12T14:37:29.3944837+05:30" testType="13cdc9d9-ddb5-4fa4-a97d-d965ccfc6d4b" outcome="Passed" testListId="8c84fa94-04c1-424b-9868-57a2d4851a1d" relativeResultsDirectory="3bfa03db-c7b6-4b31-997b-199dc92ea5d5" />
    <UnitTestResult executionId="322e1139-44a4-400d-bb06-592da5ab25d0" testId="f1364233-df5d-c4cd-76c7-cc5564783fb6" testName="UpdateRoom_Status" computerName="G1C2ML15534" duration="00:00:00.0024194" startTime="2019-04-12T14:37:29.8916292+05:30" endTime="2019-04-12T14:37:29.8941438+05:30" testType="13cdc9d9-ddb5-4fa4-a97d-d965ccfc6d4b" outcome="Passed" testListId="8c84fa94-04c1-424b-9868-57a2d4851a1d" relativeResultsDirectory="322e1139-44a4-400d-bb06-592da5ab25d0" />
    <UnitTestResult executionId="1d72a4bb-79d0-4168-a3d4-e6c80e66218d" testId="6e4792ae-ce9d-2328-d798-430a01c193fb" testName="PostRoomsNegative_Pincode" computerName="G1C2ML15534" duration="00:00:00.0064777" startTime="2019-04-12T14:37:29.7940618+05:30" endTime="2019-04-12T14:37:29.8007525+05:30" testType="13cdc9d9-ddb5-4fa4-a97d-d965ccfc6d4b" outcome="Passed" testListId="8c84fa94-04c1-424b-9868-57a2d4851a1d" relativeResultsDirectory="1d72a4bb-79d0-4168-a3d4-e6c80e66218d" />
    <UnitTestResult executionId="88abfb09-b28b-4040-bcfd-9febbfe4bc19" testId="7b23e301-8076-a1a0-2cd9-87ca021c820b" testName="FaceBookUser_NegativeTestCases_TestResult" computerName="G1C2ML15534" duration="00:00:00.0017019" startTime="2019-04-12T14:37:29.9762504+05:30" endTime="2019-04-12T14:37:29.9780662+05:30" testType="13cdc9d9-ddb5-4fa4-a97d-d965ccfc6d4b" outcome="Passed" testListId="8c84fa94-04c1-424b-9868-57a2d4851a1d" relativeResultsDirectory="88abfb09-b28b-4040-bcfd-9febbfe4bc19" />
    <UnitTestResult executionId="73293483-11c5-433c-8e2f-14a5d53bb8c4" testId="453c355f-3842-c616-2904-4d770a0d7c76" testName="PostRooms_Negative" computerName="G1C2ML15534" duration="00:00:00.0031864" startTime="2019-04-12T14:37:29.7396104+05:30" endTime="2019-04-12T14:37:29.7430144+05:30" testType="13cdc9d9-ddb5-4fa4-a97d-d965ccfc6d4b" outcome="Passed" testListId="8c84fa94-04c1-424b-9868-57a2d4851a1d" relativeResultsDirectory="73293483-11c5-433c-8e2f-14a5d53bb8c4" />
    <UnitTestResult executionId="44586a73-79a4-4b23-90b4-ebdb5df12ff8" testId="684e31ee-8baf-8ff9-e3c5-b1fcd519d332" testName="UpdateUserData_PositiveUserTestCases_TestResults" computerName="G1C2ML15534" duration="00:00:00.0048617" startTime="2019-04-12T14:37:29.9874909+05:30" endTime="2019-04-12T14:37:29.9924759+05:30" testType="13cdc9d9-ddb5-4fa4-a97d-d965ccfc6d4b" outcome="Passed" testListId="8c84fa94-04c1-424b-9868-57a2d4851a1d" relativeResultsDirectory="44586a73-79a4-4b23-90b4-ebdb5df12ff8" />
    <UnitTestResult executionId="4dd5e550-b3f8-4a73-8cda-9cb69edd8a06" testId="ec012a3e-83cc-7a61-a60c-9766a8a22567" testName="GetImage_Positive" computerName="G1C2ML15534" duration="00:00:00.0037350" startTime="2019-04-12T14:37:29.9236826+05:30" endTime="2019-04-12T14:37:29.9275120+05:30" testType="13cdc9d9-ddb5-4fa4-a97d-d965ccfc6d4b" outcome="Passed" testListId="8c84fa94-04c1-424b-9868-57a2d4851a1d" relativeResultsDirectory="4dd5e550-b3f8-4a73-8cda-9cb69edd8a06" />
    <UnitTestResult executionId="d7780e6a-019b-49f2-87b9-ecc3323a32a8" testId="79fc77c1-3398-16b6-b379-fb377d0b92fa" testName="PostRoomsNegative_RoomType" computerName="G1C2ML15534" duration="00:00:00.0029671" startTime="2019-04-12T14:37:29.8046840+05:30" endTime="2019-04-12T14:37:29.8078201+05:30" testType="13cdc9d9-ddb5-4fa4-a97d-d965ccfc6d4b" outcome="Passed" testListId="8c84fa94-04c1-424b-9868-57a2d4851a1d" relativeResultsDirectory="d7780e6a-019b-49f2-87b9-ecc3323a32a8" />
    <UnitTestResult executionId="f1ec0bbc-c063-46b5-9d56-1409ca508743" testId="9efc0cd4-a911-864b-977c-5e33beb5c126" testName="AddToBooking_NegativeTestCases_RoomAlreadyBooked" computerName="G1C2ML15534" duration="00:00:00.0026499" startTime="2019-04-12T14:37:29.6745528+05:30" endTime="2019-04-12T14:37:29.6774043+05:30" testType="13cdc9d9-ddb5-4fa4-a97d-d965ccfc6d4b" outcome="Passed" testListId="8c84fa94-04c1-424b-9868-57a2d4851a1d" relativeResultsDirectory="f1ec0bbc-c063-46b5-9d56-1409ca508743" />
    <UnitTestResult executionId="881c5e47-fcda-462b-b228-b7dc0cfc2fd2" testId="29a68bb7-5c32-6f91-18a4-158721ea3270" testName="UploadImage_Positive" computerName="G1C2ML15534" duration="00:00:00.0143229" startTime="2019-04-12T14:37:29.9069541+05:30" endTime="2019-04-12T14:37:29.9215649+05:30" testType="13cdc9d9-ddb5-4fa4-a97d-d965ccfc6d4b" outcome="Passed" testListId="8c84fa94-04c1-424b-9868-57a2d4851a1d" relativeResultsDirectory="881c5e47-fcda-462b-b228-b7dc0cfc2fd2" />
    <UnitTestResult executionId="afce4a8b-be22-4f3a-b164-f1aa1c8c07e9" testId="6fa1e84c-fe67-720a-d0d1-344c764f2c84" testName="GetUserdata_NegativeTestCases_TestResults" computerName="G1C2ML15534" duration="00:00:00.0019673" startTime="2019-04-12T14:37:29.9853583+05:30" endTime="2019-04-12T14:37:29.9874675+05:30" testType="13cdc9d9-ddb5-4fa4-a97d-d965ccfc6d4b" outcome="Passed" testListId="8c84fa94-04c1-424b-9868-57a2d4851a1d" relativeResultsDirectory="afce4a8b-be22-4f3a-b164-f1aa1c8c07e9" />
    <UnitTestResult executionId="99c5fd3f-bcd4-4f7f-a1a7-1dba6d3cec97" testId="4b6289be-3a3d-96c2-8cf3-f1aed3ee088b" testName="DeleteRoom_Negative" computerName="G1C2ML15534" duration="00:00:00.0036473" startTime="2019-04-12T14:37:29.8203431+05:30" endTime="2019-04-12T14:37:29.8242173+05:30" testType="13cdc9d9-ddb5-4fa4-a97d-d965ccfc6d4b" outcome="Passed" testListId="8c84fa94-04c1-424b-9868-57a2d4851a1d" relativeResultsDirectory="99c5fd3f-bcd4-4f7f-a1a7-1dba6d3cec97" />
    <UnitTestResult executionId="4fca1b61-0ce2-485a-908d-3322fbb7ff05" testId="978c596d-466f-e14e-d91e-714864e049ff" testName="UpdateRoom_RoomType" computerName="G1C2ML15534" duration="00:00:00.0044871" startTime="2019-04-12T14:37:29.8941643+05:30" endTime="2019-04-12T14:37:29.8987635+05:30" testType="13cdc9d9-ddb5-4fa4-a97d-d965ccfc6d4b" outcome="Passed" testListId="8c84fa94-04c1-424b-9868-57a2d4851a1d" relativeResultsDirectory="4fca1b61-0ce2-485a-908d-3322fbb7ff05" />
    <UnitTestResult executionId="f04db0a3-b0ed-446f-9973-e539575f5334" testId="71aabf2b-d937-48ab-31a3-61341680d7c4" testName="UpdateRoom_Furniture" computerName="G1C2ML15534" duration="00:00:00.0024698" startTime="2019-04-12T14:37:29.8746385+05:30" endTime="2019-04-12T14:37:29.8772703+05:30" testType="13cdc9d9-ddb5-4fa4-a97d-d965ccfc6d4b" outcome="Passed" testListId="8c84fa94-04c1-424b-9868-57a2d4851a1d" relativeResultsDirectory="f04db0a3-b0ed-446f-9973-e539575f5334" />
    <UnitTestResult executionId="214004de-b921-4c14-bada-2d29328671d1" testId="5ba561fe-67b0-1612-32ae-b22022b9039b" testName="UpdateRoom_Area" computerName="G1C2ML15534" duration="00:00:00.0091421" startTime="2019-04-12T14:37:29.8491400+05:30" endTime="2019-04-12T14:37:29.8591082+05:30" testType="13cdc9d9-ddb5-4fa4-a97d-d965ccfc6d4b" outcome="Passed" testListId="8c84fa94-04c1-424b-9868-57a2d4851a1d" relativeResultsDirectory="214004de-b921-4c14-bada-2d29328671d1" />
    <UnitTestResult executionId="4ade4ffd-ceee-43ed-92ca-254f85193bea" testId="fcbfbbad-70ac-f7be-94b0-129d3045fcff" testName="AddToBooking_NegativeTestCases_RenterIdNotThere" computerName="G1C2ML15534" duration="00:00:00.0022841" startTime="2019-04-12T14:37:29.6774267+05:30" endTime="2019-04-12T14:37:29.6798504+05:30" testType="13cdc9d9-ddb5-4fa4-a97d-d965ccfc6d4b" outcome="Passed" testListId="8c84fa94-04c1-424b-9868-57a2d4851a1d" relativeResultsDirectory="4ade4ffd-ceee-43ed-92ca-254f85193bea" />
    <UnitTestResult executionId="fab0b7c2-e5cb-4a97-8642-eb8e35c97a9c" testId="dcbc6882-d219-43bd-ebc7-ff361dd2a184" testName="PutPartner_Negative_TestCases_TestResults_Invalid_phonenumber" computerName="G1C2ML15534" duration="00:00:00.0032274" startTime="2019-04-12T14:37:29.4274273+05:30" endTime="2019-04-12T14:37:29.4308219+05:30" testType="13cdc9d9-ddb5-4fa4-a97d-d965ccfc6d4b" outcome="Passed" testListId="8c84fa94-04c1-424b-9868-57a2d4851a1d" relativeResultsDirectory="fab0b7c2-e5cb-4a97-8642-eb8e35c97a9c" />
    <UnitTestResult executionId="a10419ad-62c2-48ad-82b0-542a73d9f800" testId="f529477b-f2bf-ff16-fe5f-35b89e6fb1c6" testName="RemoveFromWishList_NegativeTestCases_TestResults" computerName="G1C2ML15534" duration="00:00:00.0026559" startTime="2019-04-12T14:37:29.6370627+05:30" endTime="2019-04-12T14:37:29.6398862+05:30" testType="13cdc9d9-ddb5-4fa4-a97d-d965ccfc6d4b" outcome="Passed" testListId="8c84fa94-04c1-424b-9868-57a2d4851a1d" relativeResultsDirectory="a10419ad-62c2-48ad-82b0-542a73d9f800" />
    <UnitTestResult executionId="61209059-6abc-46c2-83c5-0a54d99bf9ee" testId="a625a0f0-ac82-044d-cae6-f031623f927b" testName="EmailPassword_NegativeUserTestCases_InvalidInput_TestResults" computerName="G1C2ML15534" duration="00:00:00.0032288" startTime="2019-04-12T14:37:30.0172382+05:30" endTime="2019-04-12T14:37:30.0207008+05:30" testType="13cdc9d9-ddb5-4fa4-a97d-d965ccfc6d4b" outcome="Passed" testListId="8c84fa94-04c1-424b-9868-57a2d4851a1d" relativeResultsDirectory="61209059-6abc-46c2-83c5-0a54d99bf9ee" />
    <UnitTestResult executionId="5ebc7c12-c1de-4975-bbc9-cf6be7945cbf" testId="4a1d8218-c43b-3803-8d97-8b7a0f4400b6" testName="PostRoomsNegative_Latitude" computerName="G1C2ML15534" duration="00:00:00.0035657" startTime="2019-04-12T14:37:29.8007870+05:30" endTime="2019-04-12T14:37:29.8046513+05:30" testType="13cdc9d9-ddb5-4fa4-a97d-d965ccfc6d4b" outcome="Passed" testListId="8c84fa94-04c1-424b-9868-57a2d4851a1d" relativeResultsDirectory="5ebc7c12-c1de-4975-bbc9-cf6be7945cbf" />
    <UnitTestResult executionId="ae5319d0-b556-4dae-8d96-c171b145f7eb" testId="4acd7c0a-d803-bab7-e0f3-1bc1830bee23" testName="GetWishListByHisId_PositiveTestCases_TestResults" computerName="G1C2ML15534" duration="00:00:00.0104330" startTime="2019-04-12T14:37:29.5917763+05:30" endTime="2019-04-12T14:37:29.6023836+05:30" testType="13cdc9d9-ddb5-4fa4-a97d-d965ccfc6d4b" outcome="Passed" testListId="8c84fa94-04c1-424b-9868-57a2d4851a1d" relativeResultsDirectory="ae5319d0-b556-4dae-8d96-c171b145f7eb" />
    <UnitTestResult executionId="8074bd00-2eb3-416a-a8ac-76abefa799f2" testId="87b94d17-2e5b-4be0-bbfc-c8952981d270" testName="UpdateRoom_Address" computerName="G1C2ML15534" duration="00:00:00.0080775" startTime="2019-04-12T14:37:29.8591394+05:30" endTime="2019-04-12T14:37:29.8674006+05:30" testType="13cdc9d9-ddb5-4fa4-a97d-d965ccfc6d4b" outcome="Passed" testListId="8c84fa94-04c1-424b-9868-57a2d4851a1d" relativeResultsDirectory="8074bd00-2eb3-416a-a8ac-76abefa799f2" />
    <UnitTestResult executionId="eb14a11b-f261-47a7-9b1a-1e0c37a6f6df" testId="7984c452-8771-3760-082b-d414738bf2b4" testName="GetImageId_Positive" computerName="G1C2ML15534" duration="00:00:00.0103663" startTime="2019-04-12T14:37:29.9360530+05:30" endTime="2019-04-12T14:37:29.9469570+05:30" testType="13cdc9d9-ddb5-4fa4-a97d-d965ccfc6d4b" outcome="Passed" testListId="8c84fa94-04c1-424b-9868-57a2d4851a1d" relativeResultsDirectory="eb14a11b-f261-47a7-9b1a-1e0c37a6f6df" />
    <UnitTestResult executionId="0727c608-8de5-4376-a8af-8231b783cc91" testId="a34a7b0f-df67-d926-aff8-36e4ee40f01d" testName="AddToBooking_PositiveTestCases_TestResults" computerName="G1C2ML15534" duration="00:00:00.0064096" startTime="2019-04-12T14:37:29.6458403+05:30" endTime="2019-04-12T14:37:29.6523990+05:30" testType="13cdc9d9-ddb5-4fa4-a97d-d965ccfc6d4b" outcome="Passed" testListId="8c84fa94-04c1-424b-9868-57a2d4851a1d" relativeResultsDirectory="0727c608-8de5-4376-a8af-8231b783cc91" />
    <UnitTestResult executionId="6eaeeb0f-9ee3-40b2-8a89-8450bdffff62" testId="b4acd4ba-7514-16a2-f346-95cc8f3654f7" testName="PostRoomsNegative_Cost" computerName="G1C2ML15534" duration="00:00:00.0056049" startTime="2019-04-12T14:37:29.7591101+05:30" endTime="2019-04-12T14:37:29.7649564+05:30" testType="13cdc9d9-ddb5-4fa4-a97d-d965ccfc6d4b" outcome="Passed" testListId="8c84fa94-04c1-424b-9868-57a2d4851a1d" relativeResultsDirectory="6eaeeb0f-9ee3-40b2-8a89-8450bdffff62" />
    <UnitTestResult executionId="a588d6ca-118c-426b-bc19-d0050fee05c3" testId="fa53df6c-2fa4-8742-2033-257e859bfbc5" testName="PutPartner_Positive_TestCases_TestResults" computerName="G1C2ML15534" duration="00:00:00.0291372" startTime="2019-04-12T14:37:29.3945088+05:30" endTime="2019-04-12T14:37:29.4238195+05:30" testType="13cdc9d9-ddb5-4fa4-a97d-d965ccfc6d4b" outcome="Passed" testListId="8c84fa94-04c1-424b-9868-57a2d4851a1d" relativeResultsDirectory="a588d6ca-118c-426b-bc19-d0050fee05c3" />
    <UnitTestResult executionId="d52ff195-e627-44b6-b517-c77a2df62159" testId="5a4d6600-b454-f1d3-a6b2-22ce8b27d245" testName="UpdateRoom_Description" computerName="G1C2ML15534" duration="00:00:00.0039776" startTime="2019-04-12T14:37:29.8772889+05:30" endTime="2019-04-12T14:37:29.8813601+05:30" testType="13cdc9d9-ddb5-4fa4-a97d-d965ccfc6d4b" outcome="Passed" testListId="8c84fa94-04c1-424b-9868-57a2d4851a1d" relativeResultsDirectory="d52ff195-e627-44b6-b517-c77a2df62159" />
    <UnitTestResult executionId="18dec94e-fecd-46dc-8f93-7d438117dc1d" testId="5f2933d1-9009-093a-59c8-fa64ae354286" testName="ForgetPassword_NegativeUserTestCases_PasswordEmpty_TestResults" computerName="G1C2ML15534" duration="00:00:00.0035647" startTime="2019-04-12T14:37:30.0364239+05:30" endTime="2019-04-12T14:37:30.0401250+05:30" testType="13cdc9d9-ddb5-4fa4-a97d-d965ccfc6d4b" outcome="Passed" testListId="8c84fa94-04c1-424b-9868-57a2d4851a1d" relativeResultsDirectory="18dec94e-fecd-46dc-8f93-7d438117dc1d" />
    <UnitTestResult executionId="252e18aa-e51f-45e7-b9f9-075ba3a65745" testId="1f175d26-f05e-0007-f398-28054f45890b" testName="PostRoomsNegative_Furniture" computerName="G1C2ML15534" duration="00:00:00.0034154" startTime="2019-04-12T14:37:29.7815458+05:30" endTime="2019-04-12T14:37:29.7851765+05:30" testType="13cdc9d9-ddb5-4fa4-a97d-d965ccfc6d4b" outcome="Passed" testListId="8c84fa94-04c1-424b-9868-57a2d4851a1d" relativeResultsDirectory="252e18aa-e51f-45e7-b9f9-075ba3a65745" />
    <UnitTestResult executionId="214d47ff-c440-48ab-bd06-2075fecd6dca" testId="7946010f-06cc-6029-1cf4-b672818419b0" testName="GetPartnerCustmer_Positive" computerName="G1C2ML15534" duration="00:00:00.0040392" startTime="2019-04-12T14:37:29.8813778+05:30" endTime="2019-04-12T14:37:29.8855235+05:30" testType="13cdc9d9-ddb5-4fa4-a97d-d965ccfc6d4b" outcome="Passed" testListId="8c84fa94-04c1-424b-9868-57a2d4851a1d" relativeResultsDirectory="214d47ff-c440-48ab-bd06-2075fecd6dca" />
    <UnitTestResult executionId="6e3c0b8b-84ca-47e1-8374-e6a10d3b3cf5" testId="820a5720-72a3-1afb-3de4-e6a8dc30ee8c" testName="PostRoomsNegative_NumberOfRooms" computerName="G1C2ML15534" duration="00:00:00.0051304" startTime="2019-04-12T14:37:29.7887394+05:30" endTime="2019-04-12T14:37:29.7940240+05:30" testType="13cdc9d9-ddb5-4fa4-a97d-d965ccfc6d4b" outcome="Passed" testListId="8c84fa94-04c1-424b-9868-57a2d4851a1d" relativeResultsDirectory="6e3c0b8b-84ca-47e1-8374-e6a10d3b3cf5" />
    <UnitTestResult executionId="105b77b3-7422-49f3-9483-241d90890450" testId="f0ecf184-0702-b464-d98f-f4d8d3feaf3a" testName="Users_PositiveTestCases_ValidInput" computerName="G1C2ML15534" duration="00:00:00.0165525" startTime="2019-04-12T14:37:29.9512389+05:30" endTime="2019-04-12T14:37:29.9683047+05:30" testType="13cdc9d9-ddb5-4fa4-a97d-d965ccfc6d4b" outcome="Passed" testListId="8c84fa94-04c1-424b-9868-57a2d4851a1d" relativeResultsDirectory="105b77b3-7422-49f3-9483-241d90890450" />
    <UnitTestResult executionId="d562bc35-3361-4c8b-9b05-5c6b4e903756" testId="8a7f1bdf-308b-6e7f-1a46-a2314fa0d482" testName="GetUserDetails_NegativeTestCases_TestResults" computerName="G1C2ML15534" duration="00:00:00.0096147" startTime="2019-04-12T14:37:29.3796401+05:30" endTime="2019-04-12T14:37:29.3896676+05:30" testType="13cdc9d9-ddb5-4fa4-a97d-d965ccfc6d4b" outcome="Passed" testListId="8c84fa94-04c1-424b-9868-57a2d4851a1d" relativeResultsDirectory="d562bc35-3361-4c8b-9b05-5c6b4e903756" />
    <UnitTestResult executionId="b68ff4a4-0a2a-42be-a7e6-e76c262923ea" testId="d07cb383-ad12-b9af-33e8-2ba404e67ef0" testName="ForgetPassword_NegativeUserTestCases_InvalidPassword_TestResults" computerName="G1C2ML15534" duration="00:00:00.0043429" startTime="2019-04-12T14:37:30.0555750+05:30" endTime="2019-04-12T14:37:30.0601042+05:30" testType="13cdc9d9-ddb5-4fa4-a97d-d965ccfc6d4b" outcome="Passed" testListId="8c84fa94-04c1-424b-9868-57a2d4851a1d" relativeResultsDirectory="b68ff4a4-0a2a-42be-a7e6-e76c262923ea" />
    <UnitTestResult executionId="41a3d897-21fc-4bf4-88fe-7fbfe4c0cad8" testId="b57640f1-af1b-9dea-4484-0664f5ec8307" testName="ForgetPassword_NegativeUserTestCases_NotExist_TestResults" computerName="G1C2ML15534" duration="00:00:00.0042883" startTime="2019-04-12T14:37:30.0465497+05:30" endTime="2019-04-12T14:37:30.0512049+05:30" testType="13cdc9d9-ddb5-4fa4-a97d-d965ccfc6d4b" outcome="Passed" testListId="8c84fa94-04c1-424b-9868-57a2d4851a1d" relativeResultsDirectory="41a3d897-21fc-4bf4-88fe-7fbfe4c0cad8" />
    <UnitTestResult executionId="d337e4ec-b3e4-4ad9-be0f-c517ab3af186" testId="fc4bb100-68aa-ee1d-f8c4-991177bf5ed5" testName="GetPartnerCustmer_Negative" computerName="G1C2ML15534" duration="00:00:00.0016286" startTime="2019-04-12T14:37:29.8898194+05:30" endTime="2019-04-12T14:37:29.8916115+05:30" testType="13cdc9d9-ddb5-4fa4-a97d-d965ccfc6d4b" outcome="Passed" testListId="8c84fa94-04c1-424b-9868-57a2d4851a1d" relativeResultsDirectory="d337e4ec-b3e4-4ad9-be0f-c517ab3af186" />
    <UnitTestResult executionId="9f7ef168-d97b-428b-9651-9f8c24078f78" testId="46ca5253-d386-672c-a403-b61b1bc7d34e" testName="PostRooms_Positive" computerName="G1C2ML15534" duration="00:00:00.0566803" startTime="2019-04-12T14:37:29.6822200+05:30" endTime="2019-04-12T14:37:29.7395726+05:30" testType="13cdc9d9-ddb5-4fa4-a97d-d965ccfc6d4b" outcome="Passed" testListId="8c84fa94-04c1-424b-9868-57a2d4851a1d" relativeResultsDirectory="9f7ef168-d97b-428b-9651-9f8c24078f78" />
    <UnitTestResult executionId="34e4cf67-129d-42ed-928a-6857aaabcccb" testId="84c162d8-1f90-fe95-9887-35ed14565c42" testName="PostWishList_NegativeTestCases_TestResults" computerName="G1C2ML15534" duration="00:00:00.0032433" startTime="2019-04-12T14:37:29.6336327+05:30" endTime="2019-04-12T14:37:29.6370385+05:30" testType="13cdc9d9-ddb5-4fa4-a97d-d965ccfc6d4b" outcome="Passed" testListId="8c84fa94-04c1-424b-9868-57a2d4851a1d" relativeResultsDirectory="34e4cf67-129d-42ed-928a-6857aaabcccb" />
    <UnitTestResult executionId="5faa9a4e-4aad-4475-b49b-5486c1c58278" testId="704ff501-e50e-56b4-b5cc-dd1c66d78b6a" testName="FacebookUsers_PositiveTestCases_ValidInput" computerName="G1C2ML15534" duration="00:00:00.0035097" startTime="2019-04-12T14:37:29.9725283+05:30" endTime="2019-04-12T14:37:29.9762285+05:30" testType="13cdc9d9-ddb5-4fa4-a97d-d965ccfc6d4b" outcome="Passed" testListId="8c84fa94-04c1-424b-9868-57a2d4851a1d" relativeResultsDirectory="5faa9a4e-4aad-4475-b49b-5486c1c58278" />
    <UnitTestResult executionId="81c1ce93-0506-48c1-8e3d-73c3ab4c5704" testId="5a710e04-1a8a-4fad-1036-14a74bdbf6eb" testName="EmailPassword_NegativeUserTestCases_Exception_TestResults" computerName="G1C2ML15534" duration="00:00:00.0028271" startTime="2019-04-12T14:37:30.0207363+05:30" endTime="2019-04-12T14:37:30.0237352+05:30" testType="13cdc9d9-ddb5-4fa4-a97d-d965ccfc6d4b" outcome="Passed" testListId="8c84fa94-04c1-424b-9868-57a2d4851a1d" relativeResultsDirectory="81c1ce93-0506-48c1-8e3d-73c3ab4c5704" />
    <UnitTestResult executionId="c0aae8f3-2825-4a4a-9dbe-981c1ed0cf19" testId="2bffd2a5-edd8-fae8-1068-2e08df6a2461" testName="UpdateRoom_Positive" computerName="G1C2ML15534" duration="00:00:00.0030973" startTime="2019-04-12T14:37:29.8987957+05:30" endTime="2019-04-12T14:37:29.9020588+05:30" testType="13cdc9d9-ddb5-4fa4-a97d-d965ccfc6d4b" outcome="Passed" testListId="8c84fa94-04c1-424b-9868-57a2d4851a1d" relativeResultsDirectory="c0aae8f3-2825-4a4a-9dbe-981c1ed0cf19" />
    <UnitTestResult executionId="c37ea6c1-d13c-4200-9c87-80b5d3a1aabe" testId="988b653e-7f91-3834-b7e2-8cc3898c7f22" testName="SearchedRooms_NegativeTestCases_InvalidInput" computerName="G1C2ML15534" duration="00:00:00.0046256" startTime="2019-04-12T14:37:29.5869325+05:30" endTime="2019-04-12T14:37:29.5917469+05:30" testType="13cdc9d9-ddb5-4fa4-a97d-d965ccfc6d4b" outcome="Passed" testListId="8c84fa94-04c1-424b-9868-57a2d4851a1d" relativeResultsDirectory="c37ea6c1-d13c-4200-9c87-80b5d3a1aabe" />
    <UnitTestResult executionId="ee24b78d-ab82-4ef7-b6c0-cb7f77a9955a" testId="5fd52be4-25d6-f321-a3d8-e402ff873284" testName="ForgetPassword_NegativeUserTestCases_MailEmpty_TestResults" computerName="G1C2ML15534" duration="00:00:00.0037663" startTime="2019-04-12T14:37:30.0324666+05:30" endTime="2019-04-12T14:37:30.0363977+05:30" testType="13cdc9d9-ddb5-4fa4-a97d-d965ccfc6d4b" outcome="Passed" testListId="8c84fa94-04c1-424b-9868-57a2d4851a1d" relativeResultsDirectory="ee24b78d-ab82-4ef7-b6c0-cb7f77a9955a" />
    <UnitTestResult executionId="5af45eac-864b-4ecf-8052-f947e82159c8" testId="de6a5982-50d1-96ed-dd72-966a52913b2e" testName="UpdateRoom_Cost" computerName="G1C2ML15534" duration="00:00:00.0090549" startTime="2019-04-12T14:37:29.8321094+05:30" endTime="2019-04-12T14:37:29.8416721+05:30" testType="13cdc9d9-ddb5-4fa4-a97d-d965ccfc6d4b" outcome="Passed" testListId="8c84fa94-04c1-424b-9868-57a2d4851a1d" relativeResultsDirectory="5af45eac-864b-4ecf-8052-f947e82159c8" />
    <UnitTestResult executionId="7bd8ed55-25cb-4295-b556-8c811ef840c0" testId="17220f25-0238-e50b-9bad-343ba70b864c" testName="PostRoomsNegative_Longitude" computerName="G1C2ML15534" duration="00:00:00.0039337" startTime="2019-04-12T14:37:29.8078499+05:30" endTime="2019-04-12T14:37:29.8121151+05:30" testType="13cdc9d9-ddb5-4fa4-a97d-d965ccfc6d4b" outcome="Passed" testListId="8c84fa94-04c1-424b-9868-57a2d4851a1d" relativeResultsDirectory="7bd8ed55-25cb-4295-b556-8c811ef840c0" />
    <UnitTestResult executionId="3e6da44e-e804-4021-ba07-034e5b6c391d" testId="716589f1-1ae3-421f-5994-2271031e8905" testName="GetCities_NegativeTestCases_TestResult" computerName="G1C2ML15534" duration="00:00:00.0015694" startTime="2019-04-12T14:37:29.5795210+05:30" endTime="2019-04-12T14:37:29.5813149+05:30" testType="13cdc9d9-ddb5-4fa4-a97d-d965ccfc6d4b" outcome="Passed" testListId="8c84fa94-04c1-424b-9868-57a2d4851a1d" relativeResultsDirectory="3e6da44e-e804-4021-ba07-034e5b6c391d" />
    <UnitTestResult executionId="74af2399-eaa3-4fa9-954b-415858f787f5" testId="83a010eb-c90d-389f-2d08-30b4d5e8e6a2" testName="GetCities_PositiveTestCases_TestResults" computerName="G1C2ML15534" duration="00:00:00.0193634" startTime="2019-04-12T14:37:29.5594714+05:30" endTime="2019-04-12T14:37:29.5794758+05:30" testType="13cdc9d9-ddb5-4fa4-a97d-d965ccfc6d4b" outcome="Passed" testListId="8c84fa94-04c1-424b-9868-57a2d4851a1d" relativeResultsDirectory="74af2399-eaa3-4fa9-954b-415858f787f5" />
    <UnitTestResult executionId="f4d47c57-40b7-4a61-bf4b-1440ba356fde" testId="e1ff981d-e9ac-97fd-1e37-b79604ff9d2b" testName="UploadImage_Negative" computerName="G1C2ML15534" duration="00:00:00.0019515" startTime="2019-04-12T14:37:29.9215911+05:30" endTime="2019-04-12T14:37:29.9236649+05:30" testType="13cdc9d9-ddb5-4fa4-a97d-d965ccfc6d4b" outcome="Passed" testListId="8c84fa94-04c1-424b-9868-57a2d4851a1d" relativeResultsDirectory="f4d47c57-40b7-4a61-bf4b-1440ba356fde" />
    <UnitTestResult executionId="e47e4115-97e9-4b99-8481-7e1e6dc72f0a" testId="f93c5bc5-f15f-3ac5-3755-8a7b262b7168" testName="AddToBooking_NegativeTestCases_UserIsNotRenter" computerName="G1C2ML15534" duration="00:00:00.0031607" startTime="2019-04-12T14:37:29.6589916+05:30" endTime="2019-04-12T14:37:29.6623214+05:30" testType="13cdc9d9-ddb5-4fa4-a97d-d965ccfc6d4b" outcome="Passed" testListId="8c84fa94-04c1-424b-9868-57a2d4851a1d" relativeResultsDirectory="e47e4115-97e9-4b99-8481-7e1e6dc72f0a" />
    <UnitTestResult executionId="64e6720d-43c5-4c8c-9e04-35e0e08441d8" testId="98e34931-8b4e-e927-75e7-df4bef0d2aaa" testName="AddToBooking_NegativeTestCases_RoomIdNotThere" computerName="G1C2ML15534" duration="00:00:00.0021791" startTime="2019-04-12T14:37:29.6798718+05:30" endTime="2019-04-12T14:37:29.6821990+05:30" testType="13cdc9d9-ddb5-4fa4-a97d-d965ccfc6d4b" outcome="Passed" testListId="8c84fa94-04c1-424b-9868-57a2d4851a1d" relativeResultsDirectory="64e6720d-43c5-4c8c-9e04-35e0e08441d8" />
    <UnitTestResult executionId="a7e595d9-8e4d-4fa6-8260-1171152f2f8e" testId="283d7f43-718c-b569-5177-488758b100c9" testName="PostUser_NegativeTestCases_TestResults" computerName="G1C2ML15534" duration="00:00:00.0029237" startTime="2019-04-12T14:37:30.0735159+05:30" endTime="2019-04-12T14:37:30.0765727+05:30" testType="13cdc9d9-ddb5-4fa4-a97d-d965ccfc6d4b" outcome="Passed" testListId="8c84fa94-04c1-424b-9868-57a2d4851a1d" relativeResultsDirectory="a7e595d9-8e4d-4fa6-8260-1171152f2f8e" />
    <UnitTestResult executionId="d8c0708d-a3d0-44ff-bc3c-701fc75972ab" testId="8e5bfa26-f0df-1829-6e5a-26d45ae38d8c" testName="PostRoomsNegative_Area" computerName="G1C2ML15534" duration="00:00:00.0033375" startTime="2019-04-12T14:37:29.7649975+05:30" endTime="2019-04-12T14:37:29.7686029+05:30" testType="13cdc9d9-ddb5-4fa4-a97d-d965ccfc6d4b" outcome="Passed" testListId="8c84fa94-04c1-424b-9868-57a2d4851a1d" relativeResultsDirectory="d8c0708d-a3d0-44ff-bc3c-701fc75972ab" />
    <UnitTestResult executionId="7bc27be0-7380-4c22-82a2-318ddc21859d" testId="9c34eb29-2f6f-10ee-405e-6b5dfad696c8" testName="RemoveFromWishList_PositiveTestCases_TestResults" computerName="G1C2ML15534" duration="00:00:00.0024516" startTime="2019-04-12T14:37:29.6399147+05:30" endTime="2019-04-12T14:37:29.6425731+05:30" testType="13cdc9d9-ddb5-4fa4-a97d-d965ccfc6d4b" outcome="Passed" testListId="8c84fa94-04c1-424b-9868-57a2d4851a1d" relativeResultsDirectory="7bc27be0-7380-4c22-82a2-318ddc21859d" />
    <UnitTestResult executionId="8c249295-585f-49d3-aed5-718167587521" testId="a7cd8580-1740-cc9b-c3b6-6f305a2cb55e" testName="GetUserdata_PositiveTestCases_TestResults" computerName="G1C2ML15534" duration="00:00:00.0069979" startTime="2019-04-12T14:37:29.9781240+05:30" endTime="2019-04-12T14:37:29.9853340+05:30" testType="13cdc9d9-ddb5-4fa4-a97d-d965ccfc6d4b" outcome="Passed" testListId="8c84fa94-04c1-424b-9868-57a2d4851a1d" relativeResultsDirectory="8c249295-585f-49d3-aed5-718167587521" />
    <UnitTestResult executionId="1f5e0fbb-2dbc-4522-b58b-cb2d83ea8a7e" testId="11ac728d-2a54-3fb8-5fb2-01009e04aef6" testName="DeletePartner_Negative" computerName="G1C2ML15534" duration="00:00:00.0038936" startTime="2019-04-12T14:37:29.5553527+05:30" endTime="2019-04-12T14:37:29.5594368+05:30" testType="13cdc9d9-ddb5-4fa4-a97d-d965ccfc6d4b" outcome="Passed" testListId="8c84fa94-04c1-424b-9868-57a2d4851a1d" relativeResultsDirectory="1f5e0fbb-2dbc-4522-b58b-cb2d83ea8a7e" />
    <UnitTestResult executionId="a429bee1-81d1-4838-9a1b-1f7429653c42" testId="d29933d7-470d-1458-d209-17730d3186d9" testName="UpdateRoom_Negative" computerName="G1C2ML15534" duration="00:00:00.0045794" startTime="2019-04-12T14:37:29.9020798+05:30" endTime="2019-04-12T14:37:29.9069038+05:30" testType="13cdc9d9-ddb5-4fa4-a97d-d965ccfc6d4b" outcome="Passed" testListId="8c84fa94-04c1-424b-9868-57a2d4851a1d" relativeResultsDirectory="a429bee1-81d1-4838-9a1b-1f7429653c42" />
    <UnitTestResult executionId="7bcd5cf5-1a8a-4a2a-8760-64b08e83e3a9" testId="56accf19-d97d-7891-b7ac-ace2289a2144" testName="UpdateRoom_Beds" computerName="G1C2ML15534" duration="00:00:00.0072074" startTime="2019-04-12T14:37:29.8417066+05:30" endTime="2019-04-12T14:37:29.8491065+05:30" testType="13cdc9d9-ddb5-4fa4-a97d-d965ccfc6d4b" outcome="Passed" testListId="8c84fa94-04c1-424b-9868-57a2d4851a1d" relativeResultsDirectory="7bcd5cf5-1a8a-4a2a-8760-64b08e83e3a9" />
    <UnitTestResult executionId="b9fda8ba-bc79-4636-b218-fd40a4ff8e1c" testId="534af682-3be2-6edc-8e5e-512dc4446dd6" testName="PutPartner_Negative_TestCases_TestResults_Invalid_Address" computerName="G1C2ML15534" duration="00:00:00.0030739" startTime="2019-04-12T14:37:29.4308406+05:30" endTime="2019-04-12T14:37:29.4340313+05:30" testType="13cdc9d9-ddb5-4fa4-a97d-d965ccfc6d4b" outcome="Passed" testListId="8c84fa94-04c1-424b-9868-57a2d4851a1d" relativeResultsDirectory="b9fda8ba-bc79-4636-b218-fd40a4ff8e1c" />
    <UnitTestResult executionId="48b81c82-c9a7-4263-9f5d-ed72e1ba6ed8" testId="578e7e3f-2a84-f092-b9e4-d225ce96f5d5" testName="UpdateUserData_NegativeTestCases_TestResults" computerName="G1C2ML15534" duration="00:00:00.0024394" startTime="2019-04-12T14:37:29.9985493+05:30" endTime="2019-04-12T14:37:30.0011984+05:30" testType="13cdc9d9-ddb5-4fa4-a97d-d965ccfc6d4b" outcome="Passed" testListId="8c84fa94-04c1-424b-9868-57a2d4851a1d" relativeResultsDirectory="48b81c82-c9a7-4263-9f5d-ed72e1ba6ed8" />
    <UnitTestResult executionId="3279c35e-bcd3-43c2-86dc-0f3aafb8e8b5" testId="04122da2-50b5-4447-1b57-046a7ca05029" testName="GetImage_Negative" computerName="G1C2ML15534" duration="00:00:00.0036767" startTime="2019-04-12T14:37:29.9275330+05:30" endTime="2019-04-12T14:37:29.9313217+05:30" testType="13cdc9d9-ddb5-4fa4-a97d-d965ccfc6d4b" outcome="Passed" testListId="8c84fa94-04c1-424b-9868-57a2d4851a1d" relativeResultsDirectory="3279c35e-bcd3-43c2-86dc-0f3aafb8e8b5" />
    <UnitTestResult executionId="3971661b-bb2d-431a-b7cf-8048f7878cf0" testId="2f04022c-12e7-138b-044e-1d6555036e5b" testName="EmailPassword_PositiveUserTestCases_TestResults" computerName="G1C2ML15534" duration="00:00:00.0051537" startTime="2019-04-12T14:37:30.0012231+05:30" endTime="2019-04-12T14:37:30.0065165+05:30" testType="13cdc9d9-ddb5-4fa4-a97d-d965ccfc6d4b" outcome="Passed" testListId="8c84fa94-04c1-424b-9868-57a2d4851a1d" relativeResultsDirectory="3971661b-bb2d-431a-b7cf-8048f7878cf0" />
    <UnitTestResult executionId="d3b62809-78bb-4c43-add0-d062bbeaffa3" testId="2091e9ae-07f1-7fa7-e9c4-f4c92f95144f" testName="PostRoomsNegative_City" computerName="G1C2ML15534" duration="00:00:00.0030940" startTime="2019-04-12T14:37:29.7686313+05:30" endTime="2019-04-12T14:37:29.7718855+05:30" testType="13cdc9d9-ddb5-4fa4-a97d-d965ccfc6d4b" outcome="Passed" testListId="8c84fa94-04c1-424b-9868-57a2d4851a1d" relativeResultsDirectory="d3b62809-78bb-4c43-add0-d062bbeaffa3" />
    <UnitTestResult executionId="d7f9d103-bf82-4140-9787-a770ed47e141" testId="00dc4835-c6cc-0c86-f5e4-f4241102e1ce" testName="AddToBooking_NegativeTestCases_Ex" computerName="G1C2ML15534" duration="00:00:00.0030352" startTime="2019-04-12T14:37:29.6524242+05:30" endTime="2019-04-12T14:37:29.6556214+05:30" testType="13cdc9d9-ddb5-4fa4-a97d-d965ccfc6d4b" outcome="Passed" testListId="8c84fa94-04c1-424b-9868-57a2d4851a1d" relativeResultsDirectory="d7f9d103-bf82-4140-9787-a770ed47e141" />
    <UnitTestResult executionId="e7f2775d-a88d-4463-b875-c7c985d504d7" testId="13904b30-3c98-54c9-8793-abb88fded311" testName="ForgetPassword_PositiveUserTestCases_TestResults" computerName="G1C2ML15534" duration="00:00:00.0085524" startTime="2019-04-12T14:37:30.0237543+05:30" endTime="2019-04-12T14:37:30.0324302+05:30" testType="13cdc9d9-ddb5-4fa4-a97d-d965ccfc6d4b" outcome="Passed" testListId="8c84fa94-04c1-424b-9868-57a2d4851a1d" relativeResultsDirectory="e7f2775d-a88d-4463-b875-c7c985d504d7" />
    <UnitTestResult executionId="4c2da0ee-5426-4ac0-b584-08870b1240df" testId="50be2479-b9cd-9b56-aad0-32c1990d82f1" testName="PostRoomsNegative_Description" computerName="G1C2ML15534" duration="00:00:00.0032983" startTime="2019-04-12T14:37:29.7852091+05:30" endTime="2019-04-12T14:37:29.7887114+05:30" testType="13cdc9d9-ddb5-4fa4-a97d-d965ccfc6d4b" outcome="Passed" testListId="8c84fa94-04c1-424b-9868-57a2d4851a1d" relativeResultsDirectory="4c2da0ee-5426-4ac0-b584-08870b1240df" />
    <UnitTestResult executionId="46ead8d0-6fc0-48d1-9940-1b9a266b4f77" testId="7c82ba2d-e03d-4605-3d16-b4455b0cf834" testName="GetUserDetails_PositiveTestCases_TestResults" computerName="G1C2ML15534" duration="00:00:00.5350188" startTime="2019-04-12T14:37:28.7509148+05:30" endTime="2019-04-12T14:37:29.3535659+05:30" testType="13cdc9d9-ddb5-4fa4-a97d-d965ccfc6d4b" outcome="Passed" testListId="8c84fa94-04c1-424b-9868-57a2d4851a1d" relativeResultsDirectory="46ead8d0-6fc0-48d1-9940-1b9a266b4f77" />
    <UnitTestResult executionId="d9b5b672-4dd6-4b6b-b61b-4da995638bf0" testId="fe7b70f5-d112-4e44-e729-02c0eb697008" testName="AddToBooking_NegativeTestCases_UserStatusInvalid" computerName="G1C2ML15534" duration="00:00:00.0031523" startTime="2019-04-12T14:37:29.6556452+05:30" endTime="2019-04-12T14:37:29.6589660+05:30" testType="13cdc9d9-ddb5-4fa4-a97d-d965ccfc6d4b" outcome="Passed" testListId="8c84fa94-04c1-424b-9868-57a2d4851a1d" relativeResultsDirectory="d9b5b672-4dd6-4b6b-b61b-4da995638bf0" />
    <UnitTestResult executionId="99eedb60-7b78-4b95-aac9-448cf8a141a7" testId="67b1a39d-920e-dee3-dd60-bec36c1cff43" testName="Getpartnerdata_PositiveTestCases_TestResults" computerName="G1C2ML15534" duration="00:00:00.0029494" startTime="2019-04-12T14:37:29.3897460+05:30" endTime="2019-04-12T14:37:29.3928844+05:30" testType="13cdc9d9-ddb5-4fa4-a97d-d965ccfc6d4b" outcome="Passed" testListId="8c84fa94-04c1-424b-9868-57a2d4851a1d" relativeResultsDirectory="99eedb60-7b78-4b95-aac9-448cf8a141a7" />
    <UnitTestResult executionId="ae7f4377-4dfa-4edc-a2b2-21fa0d7ffb36" testId="097994ea-6d0b-52c7-2bb7-9d197782fec6" testName="PutPartner_Negative_TestCases_TestResults_Invalid_UserStatus" computerName="G1C2ML15534" duration="00:00:00.0030599" startTime="2019-04-12T14:37:29.5354513+05:30" endTime="2019-04-12T14:37:29.5387139+05:30" testType="13cdc9d9-ddb5-4fa4-a97d-d965ccfc6d4b" outcome="Passed" testListId="8c84fa94-04c1-424b-9868-57a2d4851a1d" relativeResultsDirectory="ae7f4377-4dfa-4edc-a2b2-21fa0d7ffb36" />
    <UnitTestResult executionId="d1c26beb-0c04-489e-932b-44e1dd21f875" testId="3364b022-b59c-7ea4-653d-7bfa5996f54c" testName="ForgetPassword_NegativeUserTestCases_Exception_TestResults" computerName="G1C2ML15534" duration="00:00:00.0055535" startTime="2019-04-12T14:37:30.0601401+05:30" endTime="2019-04-12T14:37:30.0658395+05:30" testType="13cdc9d9-ddb5-4fa4-a97d-d965ccfc6d4b" outcome="Passed" testListId="8c84fa94-04c1-424b-9868-57a2d4851a1d" relativeResultsDirectory="d1c26beb-0c04-489e-932b-44e1dd21f875" />
    <UnitTestResult executionId="5bf18736-e448-4b1d-bfb4-df20d8741173" testId="a4f94b9d-c83e-ffda-5ae4-96fc76e4b983" testName="ForgetPassword_NegativeUserTestCases_InvalidEmail_TestResults" computerName="G1C2ML15534" duration="00:00:00.0041801" startTime="2019-04-12T14:37:30.0512292+05:30" endTime="2019-04-12T14:37:30.0555442+05:30" testType="13cdc9d9-ddb5-4fa4-a97d-d965ccfc6d4b" outcome="Passed" testListId="8c84fa94-04c1-424b-9868-57a2d4851a1d" relativeResultsDirectory="5bf18736-e448-4b1d-bfb4-df20d8741173" />
    <UnitTestResult executionId="6603f85f-9ed2-45b2-aa3e-a44b3bfee5a9" testId="f45a92ad-6d00-0b88-ef79-e0cd2df8e3c1" testName="DeletePartner_Positive" computerName="G1C2ML15534" duration="00:00:00.0163626" startTime="2019-04-12T14:37:29.5387419+05:30" endTime="2019-04-12T14:37:29.5553200+05:30" testType="13cdc9d9-ddb5-4fa4-a97d-d965ccfc6d4b" outcome="Passed" testListId="8c84fa94-04c1-424b-9868-57a2d4851a1d" relativeResultsDirectory="6603f85f-9ed2-45b2-aa3e-a44b3bfee5a9" />
    <UnitTestResult executionId="54365c89-034b-4dfc-a80e-1039ebfc9b9e" testId="420c6335-572d-76e7-6102-dccbe4572229" testName="PostRoomsNegative_Address" computerName="G1C2ML15534" duration="00:00:00.0157785" startTime="2019-04-12T14:37:29.7430513+05:30" endTime="2019-04-12T14:37:29.7590742+05:30" testType="13cdc9d9-ddb5-4fa4-a97d-d965ccfc6d4b" outcome="Passed" testListId="8c84fa94-04c1-424b-9868-57a2d4851a1d" relativeResultsDirectory="54365c89-034b-4dfc-a80e-1039ebfc9b9e" />
    <UnitTestResult executionId="49c53e51-4eac-4846-83cb-0f7c9bc02a02" testId="0096d01c-35b3-63d1-fb30-71015c79c186" testName="PostWishList_PositiveTestCases_TestResults" computerName="G1C2ML15534" duration="00:00:00.0190792" startTime="2019-04-12T14:37:29.6142725+05:30" endTime="2019-04-12T14:37:29.6336066+05:30" testType="13cdc9d9-ddb5-4fa4-a97d-d965ccfc6d4b" outcome="Passed" testListId="8c84fa94-04c1-424b-9868-57a2d4851a1d" relativeResultsDirectory="49c53e51-4eac-4846-83cb-0f7c9bc02a02" />
    <UnitTestResult executionId="6d194192-ad23-471c-aa8c-19a7f1f4ed03" testId="3a0c2a07-db35-9c4c-24a4-f89a8dde67c9" testName="EmailPassword_NegativeUserTestCases_NotExist_TestResults" computerName="G1C2ML15534" duration="00:00:00.0076082" startTime="2019-04-12T14:37:30.0094324+05:30" endTime="2019-04-12T14:37:30.0171920+05:30" testType="13cdc9d9-ddb5-4fa4-a97d-d965ccfc6d4b" outcome="Passed" testListId="8c84fa94-04c1-424b-9868-57a2d4851a1d" relativeResultsDirectory="6d194192-ad23-471c-aa8c-19a7f1f4ed03" />
    <UnitTestResult executionId="02f55c7c-a10e-44ba-b399-3583f1ccce63" testId="e4efb08e-2483-d466-abc0-e3cc611c4268" testName="PostUser_PositiveTestCases_TestResults" computerName="G1C2ML15534" duration="00:00:00.0074458" startTime="2019-04-12T14:37:30.0658670+05:30" endTime="2019-04-12T14:37:30.0734669+05:30" testType="13cdc9d9-ddb5-4fa4-a97d-d965ccfc6d4b" outcome="Passed" testListId="8c84fa94-04c1-424b-9868-57a2d4851a1d" relativeResultsDirectory="02f55c7c-a10e-44ba-b399-3583f1ccce63" />
    <UnitTestResult executionId="4ae7bc2e-a221-49cc-876b-2933a5266a88" testId="ebb2f2bd-633f-6959-ddc6-dd18f352e0bc" testName="EmailPassword_NegativeUserTestCases_EmptyMail_TestResults" computerName="G1C2ML15534" duration="00:00:00.0027040" startTime="2019-04-12T14:37:30.0065440+05:30" endTime="2019-04-12T14:37:30.0094068+05:30" testType="13cdc9d9-ddb5-4fa4-a97d-d965ccfc6d4b" outcome="Passed" testListId="8c84fa94-04c1-424b-9868-57a2d4851a1d" relativeResultsDirectory="4ae7bc2e-a221-49cc-876b-2933a5266a88" />
    <UnitTestResult executionId="a08a967a-2687-488e-8334-dcb8a75490f1" testId="ce66ccd4-8a15-e93a-9fc4-3a38ac9b8261" testName="UpdateRoom_Pincode" computerName="G1C2ML15534" duration="00:00:00.0026568" startTime="2019-04-12T14:37:29.8718141+05:30" endTime="2019-04-12T14:37:29.8746026+05:30" testType="13cdc9d9-ddb5-4fa4-a97d-d965ccfc6d4b" outcome="Passed" testListId="8c84fa94-04c1-424b-9868-57a2d4851a1d" relativeResultsDirectory="a08a967a-2687-488e-8334-dcb8a75490f1" />
    <UnitTestResult executionId="f98df134-fa2a-4f2f-9c7d-aa17a5410e2e" testId="324811bc-ccee-ab25-46ba-d6440a818ce6" testName="GetUser_NegativeTestCases_TestResult" computerName="G1C2ML15534" duration="00:00:00.0040331" startTime="2019-04-12T14:37:29.9683341+05:30" endTime="2019-04-12T14:37:29.9725022+05:30" testType="13cdc9d9-ddb5-4fa4-a97d-d965ccfc6d4b" outcome="Passed" testListId="8c84fa94-04c1-424b-9868-57a2d4851a1d" relativeResultsDirectory="f98df134-fa2a-4f2f-9c7d-aa17a5410e2e" />
    <UnitTestResult executionId="5a6861eb-f9b4-4df4-a138-ce9536643422" testId="716401e2-e2f5-54fb-2ed2-3b124e783d52" testName="DeleteRoom_Positive" computerName="G1C2ML15534" duration="00:00:00.0064194" startTime="2019-04-12T14:37:29.8122392+05:30" endTime="2019-04-12T14:37:29.8203029+05:30" testType="13cdc9d9-ddb5-4fa4-a97d-d965ccfc6d4b" outcome="Passed" testListId="8c84fa94-04c1-424b-9868-57a2d4851a1d" relativeResultsDirectory="5a6861eb-f9b4-4df4-a138-ce9536643422" />
    <UnitTestResult executionId="986087aa-f014-4a82-96b9-74e639e2d8d7" testId="0ed43f0b-d05b-c3a2-7d62-405f6c1d7a21" testName="SearchedRooms_PositiveTestCases_InvalidInput" computerName="G1C2ML15534" duration="00:00:00.0053884" startTime="2019-04-12T14:37:29.5813387+05:30" endTime="2019-04-12T14:37:29.5869050+05:30" testType="13cdc9d9-ddb5-4fa4-a97d-d965ccfc6d4b" outcome="Passed" testListId="8c84fa94-04c1-424b-9868-57a2d4851a1d" relativeResultsDirectory="986087aa-f014-4a82-96b9-74e639e2d8d7" />
    <UnitTestResult executionId="5497ad57-64a9-4170-8eb7-4ba6666ce05d" testId="9f7c458c-f436-d9bf-dec4-ff8d932e9833" testName="PutPartner_Negative_TestCases_TestResults_Invalid_Username" computerName="G1C2ML15534" duration="00:00:00.0034117" startTime="2019-04-12T14:37:29.4238461+05:30" endTime="2019-04-12T14:37:29.4274016+05:30" testType="13cdc9d9-ddb5-4fa4-a97d-d965ccfc6d4b" outcome="Passed" testListId="8c84fa94-04c1-424b-9868-57a2d4851a1d" relativeResultsDirectory="5497ad57-64a9-4170-8eb7-4ba6666ce05d" />
    <UnitTestResult executionId="10ad3651-58b3-4618-a301-eff8e7a677e0" testId="1c340fbb-74d2-2c48-ede5-df331dad7e10" testName="GetWishListByHisId_NegativeTestCases_TestResult" computerName="G1C2ML15534" duration="00:00:00.0038614" startTime="2019-04-12T14:37:29.6024097+05:30" endTime="2019-04-12T14:37:29.6064266+05:30" testType="13cdc9d9-ddb5-4fa4-a97d-d965ccfc6d4b" outcome="Passed" testListId="8c84fa94-04c1-424b-9868-57a2d4851a1d" relativeResultsDirectory="10ad3651-58b3-4618-a301-eff8e7a677e0" />
    <UnitTestResult executionId="ca1aa5b7-cc3d-494b-80e4-6b546b543afe" testId="b4d1fff0-71d6-773e-2c54-ffc4331a50ff" testName="GetImage_Id_Negative" computerName="G1C2ML15534" duration="00:00:00.0039916" startTime="2019-04-12T14:37:29.9469846+05:30" endTime="2019-04-12T14:37:29.9511657+05:30" testType="13cdc9d9-ddb5-4fa4-a97d-d965ccfc6d4b" outcome="Passed" testListId="8c84fa94-04c1-424b-9868-57a2d4851a1d" relativeResultsDirectory="ca1aa5b7-cc3d-494b-80e4-6b546b543afe" />
    <UnitTestResult executionId="27273604-ce99-43d7-9dba-1236b5725b65" testId="14df84c6-3d45-7ee1-e3fd-da5199ee2566" testName="PutPartner_Negative_TestCases_TestResults_Invalid_UserType" computerName="G1C2ML15534" duration="00:00:00.0043700" startTime="2019-04-12T14:37:29.4340709+05:30" endTime="2019-04-12T14:37:29.4386370+05:30" testType="13cdc9d9-ddb5-4fa4-a97d-d965ccfc6d4b" outcome="Passed" testListId="8c84fa94-04c1-424b-9868-57a2d4851a1d" relativeResultsDirectory="27273604-ce99-43d7-9dba-1236b5725b65" />
  </Results>
  <TestDefinitions>
    <UnitTest name="PostRoomsNegative_NumberOfRooms" storage="d:\findmyroom-dotnetwebapi\findmyroom\findmyroom.apicontrollers.tests\bin\debug\netcoreapp2.1\findmyroom.apicontrollers.tests.dll" id="820a5720-72a3-1afb-3de4-e6a8dc30ee8c">
      <Execution id="6e3c0b8b-84ca-47e1-8374-e6a10d3b3cf5" />
      <TestMethod codeBase="D:\FindMyRoom-DotNetWebAPI\FindMyRoom\FindMyRoom.APIControllers.Tests\bin\Debug\netcoreapp2.1\FindMyRoom.APIControllers.Tests.dll" adapterTypeName="executor://mstestadapter/v2" className="FindMyRoom.APIControllers.Tests.RoomsControllerTest" name="PostRoomsNegative_NumberOfRooms" />
    </UnitTest>
    <UnitTest name="ForgetPassword_NegativeUserTestCases_InvalidEmail_TestResults" storage="d:\findmyroom-dotnetwebapi\findmyroom\findmyroom.apicontrollers.tests\bin\debug\netcoreapp2.1\findmyroom.apicontrollers.tests.dll" id="a4f94b9d-c83e-ffda-5ae4-96fc76e4b983">
      <Execution id="5bf18736-e448-4b1d-bfb4-df20d8741173" />
      <TestMethod codeBase="D:\FindMyRoom-DotNetWebAPI\FindMyRoom\FindMyRoom.APIControllers.Tests\bin\Debug\netcoreapp2.1\FindMyRoom.APIControllers.Tests.dll" adapterTypeName="executor://mstestadapter/v2" className="FindMyRoom.APIControllers.Tests.UserControllerTest" name="ForgetPassword_NegativeUserTestCases_InvalidEmail_TestResults" />
    </UnitTest>
    <UnitTest name="AddToBooking_NegativeTestCases_RoomAlreadyBooked" storage="d:\findmyroom-dotnetwebapi\findmyroom\findmyroom.apicontrollers.tests\bin\debug\netcoreapp2.1\findmyroom.apicontrollers.tests.dll" id="9efc0cd4-a911-864b-977c-5e33beb5c126">
      <Execution id="f1ec0bbc-c063-46b5-9d56-1409ca508743" />
      <TestMethod codeBase="D:\FindMyRoom-DotNetWebAPI\FindMyRoom\FindMyRoom.APIControllers.Tests\bin\Debug\netcoreapp2.1\FindMyRoom.APIControllers.Tests.dll" adapterTypeName="executor://mstestadapter/v2" className="FindMyRoom.APIControllers.Tests.BookingControllerTest" name="AddToBooking_NegativeTestCases_RoomAlreadyBooked" />
    </UnitTest>
    <UnitTest name="GetUserdata_PositiveTestCases_TestResults" storage="d:\findmyroom-dotnetwebapi\findmyroom\findmyroom.apicontrollers.tests\bin\debug\netcoreapp2.1\findmyroom.apicontrollers.tests.dll" id="a7cd8580-1740-cc9b-c3b6-6f305a2cb55e">
      <Execution id="8c249295-585f-49d3-aed5-718167587521" />
      <TestMethod codeBase="D:\FindMyRoom-DotNetWebAPI\FindMyRoom\FindMyRoom.APIControllers.Tests\bin\Debug\netcoreapp2.1\FindMyRoom.APIControllers.Tests.dll" adapterTypeName="executor://mstestadapter/v2" className="FindMyRoom.APIControllers.Tests.UserControllerTest" name="GetUserdata_PositiveTestCases_TestResults" />
    </UnitTest>
    <UnitTest name="AddToBooking_NegativeTestCases_RoomIdNotThere" storage="d:\findmyroom-dotnetwebapi\findmyroom\findmyroom.apicontrollers.tests\bin\debug\netcoreapp2.1\findmyroom.apicontrollers.tests.dll" id="98e34931-8b4e-e927-75e7-df4bef0d2aaa">
      <Execution id="64e6720d-43c5-4c8c-9e04-35e0e08441d8" />
      <TestMethod codeBase="D:\FindMyRoom-DotNetWebAPI\FindMyRoom\FindMyRoom.APIControllers.Tests\bin\Debug\netcoreapp2.1\FindMyRoom.APIControllers.Tests.dll" adapterTypeName="executor://mstestadapter/v2" className="FindMyRoom.APIControllers.Tests.BookingControllerTest" name="AddToBooking_NegativeTestCases_RoomIdNotThere" />
    </UnitTest>
    <UnitTest name="SearchedRooms_PositiveTestCases_InvalidInput" storage="d:\findmyroom-dotnetwebapi\findmyroom\findmyroom.apicontrollers.tests\bin\debug\netcoreapp2.1\findmyroom.apicontrollers.tests.dll" id="0ed43f0b-d05b-c3a2-7d62-405f6c1d7a21">
      <Execution id="986087aa-f014-4a82-96b9-74e639e2d8d7" />
      <TestMethod codeBase="D:\FindMyRoom-DotNetWebAPI\FindMyRoom\FindMyRoom.APIControllers.Tests\bin\Debug\netcoreapp2.1\FindMyRoom.APIControllers.Tests.dll" adapterTypeName="executor://mstestadapter/v2" className="FindMyRoom.APIControllers.Tests.BookingControllerTest" name="SearchedRooms_PositiveTestCases_InvalidInput" />
    </UnitTest>
    <UnitTest name="UploadImage_Positive" storage="d:\findmyroom-dotnetwebapi\findmyroom\findmyroom.apicontrollers.tests\bin\debug\netcoreapp2.1\findmyroom.apicontrollers.tests.dll" id="29a68bb7-5c32-6f91-18a4-158721ea3270">
      <Execution id="881c5e47-fcda-462b-b228-b7dc0cfc2fd2" />
      <TestMethod codeBase="D:\FindMyRoom-DotNetWebAPI\FindMyRoom\FindMyRoom.APIControllers.Tests\bin\Debug\netcoreapp2.1\FindMyRoom.APIControllers.Tests.dll" adapterTypeName="executor://mstestadapter/v2" className="FindMyRoom.APIControllers.Tests.RoomsControllerTest" name="UploadImage_Positive" />
    </UnitTest>
    <UnitTest name="DeletePartner_Positive" storage="d:\findmyroom-dotnetwebapi\findmyroom\findmyroom.apicontrollers.tests\bin\debug\netcoreapp2.1\findmyroom.apicontrollers.tests.dll" id="f45a92ad-6d00-0b88-ef79-e0cd2df8e3c1">
      <Execution id="6603f85f-9ed2-45b2-aa3e-a44b3bfee5a9" />
      <TestMethod codeBase="D:\FindMyRoom-DotNetWebAPI\FindMyRoom\FindMyRoom.APIControllers.Tests\bin\Debug\netcoreapp2.1\FindMyRoom.APIControllers.Tests.dll" adapterTypeName="executor://mstestadapter/v2" className="FindMyRoom.APIControllers.Tests.AdminControllerTest" name="DeletePartner_Positive" />
    </UnitTest>
    <UnitTest name="GetPartnerCustmer_Negative" storage="d:\findmyroom-dotnetwebapi\findmyroom\findmyroom.apicontrollers.tests\bin\debug\netcoreapp2.1\findmyroom.apicontrollers.tests.dll" id="fc4bb100-68aa-ee1d-f8c4-991177bf5ed5">
      <Execution id="d337e4ec-b3e4-4ad9-be0f-c517ab3af186" />
      <TestMethod codeBase="D:\FindMyRoom-DotNetWebAPI\FindMyRoom\FindMyRoom.APIControllers.Tests\bin\Debug\netcoreapp2.1\FindMyRoom.APIControllers.Tests.dll" adapterTypeName="executor://mstestadapter/v2" className="FindMyRoom.APIControllers.Tests.RoomsControllerTest" name="GetPartnerCustmer_Negative" />
    </UnitTest>
    <UnitTest name="AddToBooking_NegativeTestCases_Ex" storage="d:\findmyroom-dotnetwebapi\findmyroom\findmyroom.apicontrollers.tests\bin\debug\netcoreapp2.1\findmyroom.apicontrollers.tests.dll" id="00dc4835-c6cc-0c86-f5e4-f4241102e1ce">
      <Execution id="d7f9d103-bf82-4140-9787-a770ed47e141" />
      <TestMethod codeBase="D:\FindMyRoom-DotNetWebAPI\FindMyRoom\FindMyRoom.APIControllers.Tests\bin\Debug\netcoreapp2.1\FindMyRoom.APIControllers.Tests.dll" adapterTypeName="executor://mstestadapter/v2" className="FindMyRoom.APIControllers.Tests.BookingControllerTest" name="AddToBooking_NegativeTestCases_Ex" />
    </UnitTest>
    <UnitTest name="UpdateRoom_Negative" storage="d:\findmyroom-dotnetwebapi\findmyroom\findmyroom.apicontrollers.tests\bin\debug\netcoreapp2.1\findmyroom.apicontrollers.tests.dll" id="d29933d7-470d-1458-d209-17730d3186d9">
      <Execution id="a429bee1-81d1-4838-9a1b-1f7429653c42" />
      <TestMethod codeBase="D:\FindMyRoom-DotNetWebAPI\FindMyRoom\FindMyRoom.APIControllers.Tests\bin\Debug\netcoreapp2.1\FindMyRoom.APIControllers.Tests.dll" adapterTypeName="executor://mstestadapter/v2" className="FindMyRoom.APIControllers.Tests.RoomsControllerTest" name="UpdateRoom_Negative" />
    </UnitTest>
    <UnitTest name="PostRoomsNegative_RoomType" storage="d:\findmyroom-dotnetwebapi\findmyroom\findmyroom.apicontrollers.tests\bin\debug\netcoreapp2.1\findmyroom.apicontrollers.tests.dll" id="79fc77c1-3398-16b6-b379-fb377d0b92fa">
      <Execution id="d7780e6a-019b-49f2-87b9-ecc3323a32a8" />
      <TestMethod codeBase="D:\FindMyRoom-DotNetWebAPI\FindMyRoom\FindMyRoom.APIControllers.Tests\bin\Debug\netcoreapp2.1\FindMyRoom.APIControllers.Tests.dll" adapterTypeName="executor://mstestadapter/v2" className="FindMyRoom.APIControllers.Tests.RoomsControllerTest" name="PostRoomsNegative_RoomType" />
    </UnitTest>
    <UnitTest name="SearchedRooms_NegativeTestCases_InvalidInput" storage="d:\findmyroom-dotnetwebapi\findmyroom\findmyroom.apicontrollers.tests\bin\debug\netcoreapp2.1\findmyroom.apicontrollers.tests.dll" id="988b653e-7f91-3834-b7e2-8cc3898c7f22">
      <Execution id="c37ea6c1-d13c-4200-9c87-80b5d3a1aabe" />
      <TestMethod codeBase="D:\FindMyRoom-DotNetWebAPI\FindMyRoom\FindMyRoom.APIControllers.Tests\bin\Debug\netcoreapp2.1\FindMyRoom.APIControllers.Tests.dll" adapterTypeName="executor://mstestadapter/v2" className="FindMyRoom.APIControllers.Tests.BookingControllerTest" name="SearchedRooms_NegativeTestCases_InvalidInput" />
    </UnitTest>
    <UnitTest name="PostWishList_PositiveTestCases_TestResults" storage="d:\findmyroom-dotnetwebapi\findmyroom\findmyroom.apicontrollers.tests\bin\debug\netcoreapp2.1\findmyroom.apicontrollers.tests.dll" id="0096d01c-35b3-63d1-fb30-71015c79c186">
      <Execution id="49c53e51-4eac-4846-83cb-0f7c9bc02a02" />
      <TestMethod codeBase="D:\FindMyRoom-DotNetWebAPI\FindMyRoom\FindMyRoom.APIControllers.Tests\bin\Debug\netcoreapp2.1\FindMyRoom.APIControllers.Tests.dll" adapterTypeName="executor://mstestadapter/v2" className="FindMyRoom.APIControllers.Tests.BookingControllerTest" name="PostWishList_PositiveTestCases_TestResults" />
    </UnitTest>
    <UnitTest name="PutPartner_Negative_TestCases_TestResults_Invalid_phonenumber" storage="d:\findmyroom-dotnetwebapi\findmyroom\findmyroom.apicontrollers.tests\bin\debug\netcoreapp2.1\findmyroom.apicontrollers.tests.dll" id="dcbc6882-d219-43bd-ebc7-ff361dd2a184">
      <Execution id="fab0b7c2-e5cb-4a97-8642-eb8e35c97a9c" />
      <TestMethod codeBase="D:\FindMyRoom-DotNetWebAPI\FindMyRoom\FindMyRoom.APIControllers.Tests\bin\Debug\netcoreapp2.1\FindMyRoom.APIControllers.Tests.dll" adapterTypeName="executor://mstestadapter/v2" className="FindMyRoom.APIControllers.Tests.AdminControllerTest" name="PutPartner_Negative_TestCases_TestResults_Invalid_phonenumber" />
    </UnitTest>
    <UnitTest name="EmailPassword_PositiveUserTestCases_TestResults" storage="d:\findmyroom-dotnetwebapi\findmyroom\findmyroom.apicontrollers.tests\bin\debug\netcoreapp2.1\findmyroom.apicontrollers.tests.dll" id="2f04022c-12e7-138b-044e-1d6555036e5b">
      <Execution id="3971661b-bb2d-431a-b7cf-8048f7878cf0" />
      <TestMethod codeBase="D:\FindMyRoom-DotNetWebAPI\FindMyRoom\FindMyRoom.APIControllers.Tests\bin\Debug\netcoreapp2.1\FindMyRoom.APIControllers.Tests.dll" adapterTypeName="executor://mstestadapter/v2" className="FindMyRoom.APIControllers.Tests.UserControllerTest" name="EmailPassword_PositiveUserTestCases_TestResults" />
    </UnitTest>
    <UnitTest name="UpdateRoom_Positive" storage="d:\findmyroom-dotnetwebapi\findmyroom\findmyroom.apicontrollers.tests\bin\debug\netcoreapp2.1\findmyroom.apicontrollers.tests.dll" id="2bffd2a5-edd8-fae8-1068-2e08df6a2461">
      <Execution id="c0aae8f3-2825-4a4a-9dbe-981c1ed0cf19" />
      <TestMethod codeBase="D:\FindMyRoom-DotNetWebAPI\FindMyRoom\FindMyRoom.APIControllers.Tests\bin\Debug\netcoreapp2.1\FindMyRoom.APIControllers.Tests.dll" adapterTypeName="executor://mstestadapter/v2" className="FindMyRoom.APIControllers.Tests.RoomsControllerTest" name="UpdateRoom_Positive" />
    </UnitTest>
    <UnitTest name="Users_PositiveTestCases_ValidInput" storage="d:\findmyroom-dotnetwebapi\findmyroom\findmyroom.apicontrollers.tests\bin\debug\netcoreapp2.1\findmyroom.apicontrollers.tests.dll" id="f0ecf184-0702-b464-d98f-f4d8d3feaf3a">
      <Execution id="105b77b3-7422-49f3-9483-241d90890450" />
      <TestMethod codeBase="D:\FindMyRoom-DotNetWebAPI\FindMyRoom\FindMyRoom.APIControllers.Tests\bin\Debug\netcoreapp2.1\FindMyRoom.APIControllers.Tests.dll" adapterTypeName="executor://mstestadapter/v2" className="FindMyRoom.APIControllers.Tests.UserControllerTest" name="Users_PositiveTestCases_ValidInput" />
    </UnitTest>
    <UnitTest name="GetCities_NegativeTestCases_TestResult" storage="d:\findmyroom-dotnetwebapi\findmyroom\findmyroom.apicontrollers.tests\bin\debug\netcoreapp2.1\findmyroom.apicontrollers.tests.dll" id="716589f1-1ae3-421f-5994-2271031e8905">
      <Execution id="3e6da44e-e804-4021-ba07-034e5b6c391d" />
      <TestMethod codeBase="D:\FindMyRoom-DotNetWebAPI\FindMyRoom\FindMyRoom.APIControllers.Tests\bin\Debug\netcoreapp2.1\FindMyRoom.APIControllers.Tests.dll" adapterTypeName="executor://mstestadapter/v2" className="FindMyRoom.APIControllers.Tests.BookingControllerTest" name="GetCities_NegativeTestCases_TestResult" />
    </UnitTest>
    <UnitTest name="PostRoomsNegative_Pincode" storage="d:\findmyroom-dotnetwebapi\findmyroom\findmyroom.apicontrollers.tests\bin\debug\netcoreapp2.1\findmyroom.apicontrollers.tests.dll" id="6e4792ae-ce9d-2328-d798-430a01c193fb">
      <Execution id="1d72a4bb-79d0-4168-a3d4-e6c80e66218d" />
      <TestMethod codeBase="D:\FindMyRoom-DotNetWebAPI\FindMyRoom\FindMyRoom.APIControllers.Tests\bin\Debug\netcoreapp2.1\FindMyRoom.APIControllers.Tests.dll" adapterTypeName="executor://mstestadapter/v2" className="FindMyRoom.APIControllers.Tests.RoomsControllerTest" name="PostRoomsNegative_Pincode" />
    </UnitTest>
    <UnitTest name="UpdateRoom_Pincode" storage="d:\findmyroom-dotnetwebapi\findmyroom\findmyroom.apicontrollers.tests\bin\debug\netcoreapp2.1\findmyroom.apicontrollers.tests.dll" id="ce66ccd4-8a15-e93a-9fc4-3a38ac9b8261">
      <Execution id="a08a967a-2687-488e-8334-dcb8a75490f1" />
      <TestMethod codeBase="D:\FindMyRoom-DotNetWebAPI\FindMyRoom\FindMyRoom.APIControllers.Tests\bin\Debug\netcoreapp2.1\FindMyRoom.APIControllers.Tests.dll" adapterTypeName="executor://mstestadapter/v2" className="FindMyRoom.APIControllers.Tests.RoomsControllerTest" name="UpdateRoom_Pincode" />
    </UnitTest>
    <UnitTest name="FaceBookUser_NegativeTestCases_TestResult" storage="d:\findmyroom-dotnetwebapi\findmyroom\findmyroom.apicontrollers.tests\bin\debug\netcoreapp2.1\findmyroom.apicontrollers.tests.dll" id="7b23e301-8076-a1a0-2cd9-87ca021c820b">
      <Execution id="88abfb09-b28b-4040-bcfd-9febbfe4bc19" />
      <TestMethod codeBase="D:\FindMyRoom-DotNetWebAPI\FindMyRoom\FindMyRoom.APIControllers.Tests\bin\Debug\netcoreapp2.1\FindMyRoom.APIControllers.Tests.dll" adapterTypeName="executor://mstestadapter/v2" className="FindMyRoom.APIControllers.Tests.UserControllerTest" name="FaceBookUser_NegativeTestCases_TestResult" />
    </UnitTest>
    <UnitTest name="EmailPassword_NegativeUserTestCases_EmptyMail_TestResults" storage="d:\findmyroom-dotnetwebapi\findmyroom\findmyroom.apicontrollers.tests\bin\debug\netcoreapp2.1\findmyroom.apicontrollers.tests.dll" id="ebb2f2bd-633f-6959-ddc6-dd18f352e0bc">
      <Execution id="4ae7bc2e-a221-49cc-876b-2933a5266a88" />
      <TestMethod codeBase="D:\FindMyRoom-DotNetWebAPI\FindMyRoom\FindMyRoom.APIControllers.Tests\bin\Debug\netcoreapp2.1\FindMyRoom.APIControllers.Tests.dll" adapterTypeName="executor://mstestadapter/v2" className="FindMyRoom.APIControllers.Tests.UserControllerTest" name="EmailPassword_NegativeUserTestCases_EmptyMail_TestResults" />
    </UnitTest>
    <UnitTest name="GetUserdata_NegativeTestCases_TestResults" storage="d:\findmyroom-dotnetwebapi\findmyroom\findmyroom.apicontrollers.tests\bin\debug\netcoreapp2.1\findmyroom.apicontrollers.tests.dll" id="6fa1e84c-fe67-720a-d0d1-344c764f2c84">
      <Execution id="afce4a8b-be22-4f3a-b164-f1aa1c8c07e9" />
      <TestMethod codeBase="D:\FindMyRoom-DotNetWebAPI\FindMyRoom\FindMyRoom.APIControllers.Tests\bin\Debug\netcoreapp2.1\FindMyRoom.APIControllers.Tests.dll" adapterTypeName="executor://mstestadapter/v2" className="FindMyRoom.APIControllers.Tests.UserControllerTest" name="GetUserdata_NegativeTestCases_TestResults" />
    </UnitTest>
    <UnitTest name="PostRoomsNegative_Address" storage="d:\findmyroom-dotnetwebapi\findmyroom\findmyroom.apicontrollers.tests\bin\debug\netcoreapp2.1\findmyroom.apicontrollers.tests.dll" id="420c6335-572d-76e7-6102-dccbe4572229">
      <Execution id="54365c89-034b-4dfc-a80e-1039ebfc9b9e" />
      <TestMethod codeBase="D:\FindMyRoom-DotNetWebAPI\FindMyRoom\FindMyRoom.APIControllers.Tests\bin\Debug\netcoreapp2.1\FindMyRoom.APIControllers.Tests.dll" adapterTypeName="executor://mstestadapter/v2" className="FindMyRoom.APIControllers.Tests.RoomsControllerTest" name="PostRoomsNegative_Address" />
    </UnitTest>
    <UnitTest name="UpdateUserData_NegativeTestCases_TestResults" storage="d:\findmyroom-dotnetwebapi\findmyroom\findmyroom.apicontrollers.tests\bin\debug\netcoreapp2.1\findmyroom.apicontrollers.tests.dll" id="578e7e3f-2a84-f092-b9e4-d225ce96f5d5">
      <Execution id="48b81c82-c9a7-4263-9f5d-ed72e1ba6ed8" />
      <TestMethod codeBase="D:\FindMyRoom-DotNetWebAPI\FindMyRoom\FindMyRoom.APIControllers.Tests\bin\Debug\netcoreapp2.1\FindMyRoom.APIControllers.Tests.dll" adapterTypeName="executor://mstestadapter/v2" className="FindMyRoom.APIControllers.Tests.UserControllerTest" name="UpdateUserData_NegativeTestCases_TestResults" />
    </UnitTest>
    <UnitTest name="PostWishList_NegativeTestCases_TestResults" storage="d:\findmyroom-dotnetwebapi\findmyroom\findmyroom.apicontrollers.tests\bin\debug\netcoreapp2.1\findmyroom.apicontrollers.tests.dll" id="84c162d8-1f90-fe95-9887-35ed14565c42">
      <Execution id="34e4cf67-129d-42ed-928a-6857aaabcccb" />
      <TestMethod codeBase="D:\FindMyRoom-DotNetWebAPI\FindMyRoom\FindMyRoom.APIControllers.Tests\bin\Debug\netcoreapp2.1\FindMyRoom.APIControllers.Tests.dll" adapterTypeName="executor://mstestadapter/v2" className="FindMyRoom.APIControllers.Tests.BookingControllerTest" name="PostWishList_NegativeTestCases_TestResults" />
    </UnitTest>
    <UnitTest name="GetPartnerCustmer_Positive" storage="d:\findmyroom-dotnetwebapi\findmyroom\findmyroom.apicontrollers.tests\bin\debug\netcoreapp2.1\findmyroom.apicontrollers.tests.dll" id="7946010f-06cc-6029-1cf4-b672818419b0">
      <Execution id="214d47ff-c440-48ab-bd06-2075fecd6dca" />
      <TestMethod codeBase="D:\FindMyRoom-DotNetWebAPI\FindMyRoom\FindMyRoom.APIControllers.Tests\bin\Debug\netcoreapp2.1\FindMyRoom.APIControllers.Tests.dll" adapterTypeName="executor://mstestadapter/v2" className="FindMyRoom.APIControllers.Tests.RoomsControllerTest" name="GetPartnerCustmer_Positive" />
    </UnitTest>
    <UnitTest name="EmailPassword_NegativeUserTestCases_InvalidInput_TestResults" storage="d:\findmyroom-dotnetwebapi\findmyroom\findmyroom.apicontrollers.tests\bin\debug\netcoreapp2.1\findmyroom.apicontrollers.tests.dll" id="a625a0f0-ac82-044d-cae6-f031623f927b">
      <Execution id="61209059-6abc-46c2-83c5-0a54d99bf9ee" />
      <TestMethod codeBase="D:\FindMyRoom-DotNetWebAPI\FindMyRoom\FindMyRoom.APIControllers.Tests\bin\Debug\netcoreapp2.1\FindMyRoom.APIControllers.Tests.dll" adapterTypeName="executor://mstestadapter/v2" className="FindMyRoom.APIControllers.Tests.UserControllerTest" name="EmailPassword_NegativeUserTestCases_InvalidInput_TestResults" />
    </UnitTest>
    <UnitTest name="GetUser_NegativeTestCases_TestResult" storage="d:\findmyroom-dotnetwebapi\findmyroom\findmyroom.apicontrollers.tests\bin\debug\netcoreapp2.1\findmyroom.apicontrollers.tests.dll" id="324811bc-ccee-ab25-46ba-d6440a818ce6">
      <Execution id="f98df134-fa2a-4f2f-9c7d-aa17a5410e2e" />
      <TestMethod codeBase="D:\FindMyRoom-DotNetWebAPI\FindMyRoom\FindMyRoom.APIControllers.Tests\bin\Debug\netcoreapp2.1\FindMyRoom.APIControllers.Tests.dll" adapterTypeName="executor://mstestadapter/v2" className="FindMyRoom.APIControllers.Tests.UserControllerTest" name="GetUser_NegativeTestCases_TestResult" />
    </UnitTest>
    <UnitTest name="GetCities_PositiveTestCases_TestResults" storage="d:\findmyroom-dotnetwebapi\findmyroom\findmyroom.apicontrollers.tests\bin\debug\netcoreapp2.1\findmyroom.apicontrollers.tests.dll" id="83a010eb-c90d-389f-2d08-30b4d5e8e6a2">
      <Execution id="74af2399-eaa3-4fa9-954b-415858f787f5" />
      <TestMethod codeBase="D:\FindMyRoom-DotNetWebAPI\FindMyRoom\FindMyRoom.APIControllers.Tests\bin\Debug\netcoreapp2.1\FindMyRoom.APIControllers.Tests.dll" adapterTypeName="executor://mstestadapter/v2" className="FindMyRoom.APIControllers.Tests.BookingControllerTest" name="GetCities_PositiveTestCases_TestResults" />
    </UnitTest>
    <UnitTest name="GetUserDetails_NegativeTestCases_TestResults" storage="d:\findmyroom-dotnetwebapi\findmyroom\findmyroom.apicontrollers.tests\bin\debug\netcoreapp2.1\findmyroom.apicontrollers.tests.dll" id="8a7f1bdf-308b-6e7f-1a46-a2314fa0d482">
      <Execution id="d562bc35-3361-4c8b-9b05-5c6b4e903756" />
      <TestMethod codeBase="D:\FindMyRoom-DotNetWebAPI\FindMyRoom\FindMyRoom.APIControllers.Tests\bin\Debug\netcoreapp2.1\FindMyRoom.APIControllers.Tests.dll" adapterTypeName="executor://mstestadapter/v2" className="FindMyRoom.APIControllers.Tests.AdminControllerTest" name="GetUserDetails_NegativeTestCases_TestResults" />
    </UnitTest>
    <UnitTest name="PutPartner_Negative_TestCases_TestResults_Invalid_Username" storage="d:\findmyroom-dotnetwebapi\findmyroom\findmyroom.apicontrollers.tests\bin\debug\netcoreapp2.1\findmyroom.apicontrollers.tests.dll" id="9f7c458c-f436-d9bf-dec4-ff8d932e9833">
      <Execution id="5497ad57-64a9-4170-8eb7-4ba6666ce05d" />
      <TestMethod codeBase="D:\FindMyRoom-DotNetWebAPI\FindMyRoom\FindMyRoom.APIControllers.Tests\bin\Debug\netcoreapp2.1\FindMyRoom.APIControllers.Tests.dll" adapterTypeName="executor://mstestadapter/v2" className="FindMyRoom.APIControllers.Tests.AdminControllerTest" name="PutPartner_Negative_TestCases_TestResults_Invalid_Username" />
    </UnitTest>
    <UnitTest name="Getpartnerdata_PositiveTestCases_TestResults" storage="d:\findmyroom-dotnetwebapi\findmyroom\findmyroom.apicontrollers.tests\bin\debug\netcoreapp2.1\findmyroom.apicontrollers.tests.dll" id="67b1a39d-920e-dee3-dd60-bec36c1cff43">
      <Execution id="99eedb60-7b78-4b95-aac9-448cf8a141a7" />
      <TestMethod codeBase="D:\FindMyRoom-DotNetWebAPI\FindMyRoom\FindMyRoom.APIControllers.Tests\bin\Debug\netcoreapp2.1\FindMyRoom.APIControllers.Tests.dll" adapterTypeName="executor://mstestadapter/v2" className="FindMyRoom.APIControllers.Tests.AdminControllerTest" name="Getpartnerdata_PositiveTestCases_TestResults" />
    </UnitTest>
    <UnitTest name="AddToBooking_NegativeTestCases_RenterIdNotThere" storage="d:\findmyroom-dotnetwebapi\findmyroom\findmyroom.apicontrollers.tests\bin\debug\netcoreapp2.1\findmyroom.apicontrollers.tests.dll" id="fcbfbbad-70ac-f7be-94b0-129d3045fcff">
      <Execution id="4ade4ffd-ceee-43ed-92ca-254f85193bea" />
      <TestMethod codeBase="D:\FindMyRoom-DotNetWebAPI\FindMyRoom\FindMyRoom.APIControllers.Tests\bin\Debug\netcoreapp2.1\FindMyRoom.APIControllers.Tests.dll" adapterTypeName="executor://mstestadapter/v2" className="FindMyRoom.APIControllers.Tests.BookingControllerTest" name="AddToBooking_NegativeTestCases_RenterIdNotThere" />
    </UnitTest>
    <UnitTest name="DeleteRoom_Positive" storage="d:\findmyroom-dotnetwebapi\findmyroom\findmyroom.apicontrollers.tests\bin\debug\netcoreapp2.1\findmyroom.apicontrollers.tests.dll" id="716401e2-e2f5-54fb-2ed2-3b124e783d52">
      <Execution id="5a6861eb-f9b4-4df4-a138-ce9536643422" />
      <TestMethod codeBase="D:\FindMyRoom-DotNetWebAPI\FindMyRoom\FindMyRoom.APIControllers.Tests\bin\Debug\netcoreapp2.1\FindMyRoom.APIControllers.Tests.dll" adapterTypeName="executor://mstestadapter/v2" className="FindMyRoom.APIControllers.Tests.RoomsControllerTest" name="DeleteRoom_Positive" />
    </UnitTest>
    <UnitTest name="PostRoomsNegative_Area" storage="d:\findmyroom-dotnetwebapi\findmyroom\findmyroom.apicontrollers.tests\bin\debug\netcoreapp2.1\findmyroom.apicontrollers.tests.dll" id="8e5bfa26-f0df-1829-6e5a-26d45ae38d8c">
      <Execution id="d8c0708d-a3d0-44ff-bc3c-701fc75972ab" />
      <TestMethod codeBase="D:\FindMyRoom-DotNetWebAPI\FindMyRoom\FindMyRoom.APIControllers.Tests\bin\Debug\netcoreapp2.1\FindMyRoom.APIControllers.Tests.dll" adapterTypeName="executor://mstestadapter/v2" className="FindMyRoom.APIControllers.Tests.RoomsControllerTest" name="PostRoomsNegative_Area" />
    </UnitTest>
    <UnitTest name="UpdateRoom_RoomType" storage="d:\findmyroom-dotnetwebapi\findmyroom\findmyroom.apicontrollers.tests\bin\debug\netcoreapp2.1\findmyroom.apicontrollers.tests.dll" id="978c596d-466f-e14e-d91e-714864e049ff">
      <Execution id="4fca1b61-0ce2-485a-908d-3322fbb7ff05" />
      <TestMethod codeBase="D:\FindMyRoom-DotNetWebAPI\FindMyRoom\FindMyRoom.APIControllers.Tests\bin\Debug\netcoreapp2.1\FindMyRoom.APIControllers.Tests.dll" adapterTypeName="executor://mstestadapter/v2" className="FindMyRoom.APIControllers.Tests.RoomsControllerTest" name="UpdateRoom_RoomType" />
    </UnitTest>
    <UnitTest name="UpdateUserData_PositiveUserTestCases_TestResults" storage="d:\findmyroom-dotnetwebapi\findmyroom\findmyroom.apicontrollers.tests\bin\debug\netcoreapp2.1\findmyroom.apicontrollers.tests.dll" id="684e31ee-8baf-8ff9-e3c5-b1fcd519d332">
      <Execution id="44586a73-79a4-4b23-90b4-ebdb5df12ff8" />
      <TestMethod codeBase="D:\FindMyRoom-DotNetWebAPI\FindMyRoom\FindMyRoom.APIControllers.Tests\bin\Debug\netcoreapp2.1\FindMyRoom.APIControllers.Tests.dll" adapterTypeName="executor://mstestadapter/v2" className="FindMyRoom.APIControllers.Tests.UserControllerTest" name="UpdateUserData_PositiveUserTestCases_TestResults" />
    </UnitTest>
    <UnitTest name="UpdateRoom_Beds" storage="d:\findmyroom-dotnetwebapi\findmyroom\findmyroom.apicontrollers.tests\bin\debug\netcoreapp2.1\findmyroom.apicontrollers.tests.dll" id="56accf19-d97d-7891-b7ac-ace2289a2144">
      <Execution id="7bcd5cf5-1a8a-4a2a-8760-64b08e83e3a9" />
      <TestMethod codeBase="D:\FindMyRoom-DotNetWebAPI\FindMyRoom\FindMyRoom.APIControllers.Tests\bin\Debug\netcoreapp2.1\FindMyRoom.APIControllers.Tests.dll" adapterTypeName="executor://mstestadapter/v2" className="FindMyRoom.APIControllers.Tests.RoomsControllerTest" name="UpdateRoom_Beds" />
    </UnitTest>
    <UnitTest name="UploadImage_Negative" storage="d:\findmyroom-dotnetwebapi\findmyroom\findmyroom.apicontrollers.tests\bin\debug\netcoreapp2.1\findmyroom.apicontrollers.tests.dll" id="e1ff981d-e9ac-97fd-1e37-b79604ff9d2b">
      <Execution id="f4d47c57-40b7-4a61-bf4b-1440ba356fde" />
      <TestMethod codeBase="D:\FindMyRoom-DotNetWebAPI\FindMyRoom\FindMyRoom.APIControllers.Tests\bin\Debug\netcoreapp2.1\FindMyRoom.APIControllers.Tests.dll" adapterTypeName="executor://mstestadapter/v2" className="FindMyRoom.APIControllers.Tests.RoomsControllerTest" name="UploadImage_Negative" />
    </UnitTest>
    <UnitTest name="ForgetPassword_PositiveUserTestCases_TestResults" storage="d:\findmyroom-dotnetwebapi\findmyroom\findmyroom.apicontrollers.tests\bin\debug\netcoreapp2.1\findmyroom.apicontrollers.tests.dll" id="13904b30-3c98-54c9-8793-abb88fded311">
      <Execution id="e7f2775d-a88d-4463-b875-c7c985d504d7" />
      <TestMethod codeBase="D:\FindMyRoom-DotNetWebAPI\FindMyRoom\FindMyRoom.APIControllers.Tests\bin\Debug\netcoreapp2.1\FindMyRoom.APIControllers.Tests.dll" adapterTypeName="executor://mstestadapter/v2" className="FindMyRoom.APIControllers.Tests.UserControllerTest" name="ForgetPassword_PositiveUserTestCases_TestResults" />
    </UnitTest>
    <UnitTest name="AddToBooking_PositiveTestCases_TestResults" storage="d:\findmyroom-dotnetwebapi\findmyroom\findmyroom.apicontrollers.tests\bin\debug\netcoreapp2.1\findmyroom.apicontrollers.tests.dll" id="a34a7b0f-df67-d926-aff8-36e4ee40f01d">
      <Execution id="0727c608-8de5-4376-a8af-8231b783cc91" />
      <TestMethod codeBase="D:\FindMyRoom-DotNetWebAPI\FindMyRoom\FindMyRoom.APIControllers.Tests\bin\Debug\netcoreapp2.1\FindMyRoom.APIControllers.Tests.dll" adapterTypeName="executor://mstestadapter/v2" className="FindMyRoom.APIControllers.Tests.BookingControllerTest" name="AddToBooking_PositiveTestCases_TestResults" />
    </UnitTest>
    <UnitTest name="GetWishListByHisId_NegativeTestCases_TestResult" storage="d:\findmyroom-dotnetwebapi\findmyroom\findmyroom.apicontrollers.tests\bin\debug\netcoreapp2.1\findmyroom.apicontrollers.tests.dll" id="1c340fbb-74d2-2c48-ede5-df331dad7e10">
      <Execution id="10ad3651-58b3-4618-a301-eff8e7a677e0" />
      <TestMethod codeBase="D:\FindMyRoom-DotNetWebAPI\FindMyRoom\FindMyRoom.APIControllers.Tests\bin\Debug\netcoreapp2.1\FindMyRoom.APIControllers.Tests.dll" adapterTypeName="executor://mstestadapter/v2" className="FindMyRoom.APIControllers.Tests.BookingControllerTest" name="GetWishListByHisId_NegativeTestCases_TestResult" />
    </UnitTest>
    <UnitTest name="GetImage_Positive" storage="d:\findmyroom-dotnetwebapi\findmyroom\findmyroom.apicontrollers.tests\bin\debug\netcoreapp2.1\findmyroom.apicontrollers.tests.dll" id="ec012a3e-83cc-7a61-a60c-9766a8a22567">
      <Execution id="4dd5e550-b3f8-4a73-8cda-9cb69edd8a06" />
      <TestMethod codeBase="D:\FindMyRoom-DotNetWebAPI\FindMyRoom\FindMyRoom.APIControllers.Tests\bin\Debug\netcoreapp2.1\FindMyRoom.APIControllers.Tests.dll" adapterTypeName="executor://mstestadapter/v2" className="FindMyRoom.APIControllers.Tests.RoomsControllerTest" name="GetImage_Positive" />
    </UnitTest>
    <UnitTest name="RemoveFromWishList_NegativeTestCases_NotThereEx" storage="d:\findmyroom-dotnetwebapi\findmyroom\findmyroom.apicontrollers.tests\bin\debug\netcoreapp2.1\findmyroom.apicontrollers.tests.dll" id="e72ec655-e787-c02c-b8ae-f4c6dbdfae49">
      <Execution id="b289436d-6cc3-4017-a3e9-b440eec2a727" />
      <TestMethod codeBase="D:\FindMyRoom-DotNetWebAPI\FindMyRoom\FindMyRoom.APIControllers.Tests\bin\Debug\netcoreapp2.1\FindMyRoom.APIControllers.Tests.dll" adapterTypeName="executor://mstestadapter/v2" className="FindMyRoom.APIControllers.Tests.BookingControllerTest" name="RemoveFromWishList_NegativeTestCases_NotThereEx" />
    </UnitTest>
    <UnitTest name="EmailPassword_NegativeUserTestCases_Exception_TestResults" storage="d:\findmyroom-dotnetwebapi\findmyroom\findmyroom.apicontrollers.tests\bin\debug\netcoreapp2.1\findmyroom.apicontrollers.tests.dll" id="5a710e04-1a8a-4fad-1036-14a74bdbf6eb">
      <Execution id="81c1ce93-0506-48c1-8e3d-73c3ab4c5704" />
      <TestMethod codeBase="D:\FindMyRoom-DotNetWebAPI\FindMyRoom\FindMyRoom.APIControllers.Tests\bin\Debug\netcoreapp2.1\FindMyRoom.APIControllers.Tests.dll" adapterTypeName="executor://mstestadapter/v2" className="FindMyRoom.APIControllers.Tests.UserControllerTest" name="EmailPassword_NegativeUserTestCases_Exception_TestResults" />
    </UnitTest>
    <UnitTest name="Getpartnerdata_NegativeTestCases_TestResults" storage="d:\findmyroom-dotnetwebapi\findmyroom\findmyroom.apicontrollers.tests\bin\debug\netcoreapp2.1\findmyroom.apicontrollers.tests.dll" id="9c3d46ec-294e-31ed-02e2-7b347bc7be49">
      <Execution id="3bfa03db-c7b6-4b31-997b-199dc92ea5d5" />
      <TestMethod codeBase="D:\FindMyRoom-DotNetWebAPI\FindMyRoom\FindMyRoom.APIControllers.Tests\bin\Debug\netcoreapp2.1\FindMyRoom.APIControllers.Tests.dll" adapterTypeName="executor://mstestadapter/v2" className="FindMyRoom.APIControllers.Tests.AdminControllerTest" name="Getpartnerdata_NegativeTestCases_TestResults" />
    </UnitTest>
    <UnitTest name="PostRoomsNegative_Furniture" storage="d:\findmyroom-dotnetwebapi\findmyroom\findmyroom.apicontrollers.tests\bin\debug\netcoreapp2.1\findmyroom.apicontrollers.tests.dll" id="1f175d26-f05e-0007-f398-28054f45890b">
      <Execution id="252e18aa-e51f-45e7-b9f9-075ba3a65745" />
      <TestMethod codeBase="D:\FindMyRoom-DotNetWebAPI\FindMyRoom\FindMyRoom.APIControllers.Tests\bin\Debug\netcoreapp2.1\FindMyRoom.APIControllers.Tests.dll" adapterTypeName="executor://mstestadapter/v2" className="FindMyRoom.APIControllers.Tests.RoomsControllerTest" name="PostRoomsNegative_Furniture" />
    </UnitTest>
    <UnitTest name="DeletePartner_Negative" storage="d:\findmyroom-dotnetwebapi\findmyroom\findmyroom.apicontrollers.tests\bin\debug\netcoreapp2.1\findmyroom.apicontrollers.tests.dll" id="11ac728d-2a54-3fb8-5fb2-01009e04aef6">
      <Execution id="1f5e0fbb-2dbc-4522-b58b-cb2d83ea8a7e" />
      <TestMethod codeBase="D:\FindMyRoom-DotNetWebAPI\FindMyRoom\FindMyRoom.APIControllers.Tests\bin\Debug\netcoreapp2.1\FindMyRoom.APIControllers.Tests.dll" adapterTypeName="executor://mstestadapter/v2" className="FindMyRoom.APIControllers.Tests.AdminControllerTest" name="DeletePartner_Negative" />
    </UnitTest>
    <UnitTest name="EmailPassword_NegativeUserTestCases_NotExist_TestResults" storage="d:\findmyroom-dotnetwebapi\findmyroom\findmyroom.apicontrollers.tests\bin\debug\netcoreapp2.1\findmyroom.apicontrollers.tests.dll" id="3a0c2a07-db35-9c4c-24a4-f89a8dde67c9">
      <Execution id="6d194192-ad23-471c-aa8c-19a7f1f4ed03" />
      <TestMethod codeBase="D:\FindMyRoom-DotNetWebAPI\FindMyRoom\FindMyRoom.APIControllers.Tests\bin\Debug\netcoreapp2.1\FindMyRoom.APIControllers.Tests.dll" adapterTypeName="executor://mstestadapter/v2" className="FindMyRoom.APIControllers.Tests.UserControllerTest" name="EmailPassword_NegativeUserTestCases_NotExist_TestResults" />
    </UnitTest>
    <UnitTest name="PostRooms_Negative" storage="d:\findmyroom-dotnetwebapi\findmyroom\findmyroom.apicontrollers.tests\bin\debug\netcoreapp2.1\findmyroom.apicontrollers.tests.dll" id="453c355f-3842-c616-2904-4d770a0d7c76">
      <Execution id="73293483-11c5-433c-8e2f-14a5d53bb8c4" />
      <TestMethod codeBase="D:\FindMyRoom-DotNetWebAPI\FindMyRoom\FindMyRoom.APIControllers.Tests\bin\Debug\netcoreapp2.1\FindMyRoom.APIControllers.Tests.dll" adapterTypeName="executor://mstestadapter/v2" className="FindMyRoom.APIControllers.Tests.RoomsControllerTest" name="PostRooms_Negative" />
    </UnitTest>
    <UnitTest name="GetWishListByHisId_PositiveTestCases_TestResults" storage="d:\findmyroom-dotnetwebapi\findmyroom\findmyroom.apicontrollers.tests\bin\debug\netcoreapp2.1\findmyroom.apicontrollers.tests.dll" id="4acd7c0a-d803-bab7-e0f3-1bc1830bee23">
      <Execution id="ae5319d0-b556-4dae-8d96-c171b145f7eb" />
      <TestMethod codeBase="D:\FindMyRoom-DotNetWebAPI\FindMyRoom\FindMyRoom.APIControllers.Tests\bin\Debug\netcoreapp2.1\FindMyRoom.APIControllers.Tests.dll" adapterTypeName="executor://mstestadapter/v2" className="FindMyRoom.APIControllers.Tests.BookingControllerTest" name="GetWishListByHisId_PositiveTestCases_TestResults" />
    </UnitTest>
    <UnitTest name="ForgetPassword_NegativeUserTestCases_MailEmpty_TestResults" storage="d:\findmyroom-dotnetwebapi\findmyroom\findmyroom.apicontrollers.tests\bin\debug\netcoreapp2.1\findmyroom.apicontrollers.tests.dll" id="5fd52be4-25d6-f321-a3d8-e402ff873284">
      <Execution id="ee24b78d-ab82-4ef7-b6c0-cb7f77a9955a" />
      <TestMethod codeBase="D:\FindMyRoom-DotNetWebAPI\FindMyRoom\FindMyRoom.APIControllers.Tests\bin\Debug\netcoreapp2.1\FindMyRoom.APIControllers.Tests.dll" adapterTypeName="executor://mstestadapter/v2" className="FindMyRoom.APIControllers.Tests.UserControllerTest" name="ForgetPassword_NegativeUserTestCases_MailEmpty_TestResults" />
    </UnitTest>
    <UnitTest name="AddToBooking_NegativeTestCases_UserStatusInvalid" storage="d:\findmyroom-dotnetwebapi\findmyroom\findmyroom.apicontrollers.tests\bin\debug\netcoreapp2.1\findmyroom.apicontrollers.tests.dll" id="fe7b70f5-d112-4e44-e729-02c0eb697008">
      <Execution id="d9b5b672-4dd6-4b6b-b61b-4da995638bf0" />
      <TestMethod codeBase="D:\FindMyRoom-DotNetWebAPI\FindMyRoom\FindMyRoom.APIControllers.Tests\bin\Debug\netcoreapp2.1\FindMyRoom.APIControllers.Tests.dll" adapterTypeName="executor://mstestadapter/v2" className="FindMyRoom.APIControllers.Tests.BookingControllerTest" name="AddToBooking_NegativeTestCases_UserStatusInvalid" />
    </UnitTest>
    <UnitTest name="PutPartner_Negative_TestCases_TestResults_Invalid_UserType" storage="d:\findmyroom-dotnetwebapi\findmyroom\findmyroom.apicontrollers.tests\bin\debug\netcoreapp2.1\findmyroom.apicontrollers.tests.dll" id="14df84c6-3d45-7ee1-e3fd-da5199ee2566">
      <Execution id="27273604-ce99-43d7-9dba-1236b5725b65" />
      <TestMethod codeBase="D:\FindMyRoom-DotNetWebAPI\FindMyRoom\FindMyRoom.APIControllers.Tests\bin\Debug\netcoreapp2.1\FindMyRoom.APIControllers.Tests.dll" adapterTypeName="executor://mstestadapter/v2" className="FindMyRoom.APIControllers.Tests.AdminControllerTest" name="PutPartner_Negative_TestCases_TestResults_Invalid_UserType" />
    </UnitTest>
    <UnitTest name="PostUser_PositiveTestCases_TestResults" storage="d:\findmyroom-dotnetwebapi\findmyroom\findmyroom.apicontrollers.tests\bin\debug\netcoreapp2.1\findmyroom.apicontrollers.tests.dll" id="e4efb08e-2483-d466-abc0-e3cc611c4268">
      <Execution id="02f55c7c-a10e-44ba-b399-3583f1ccce63" />
      <TestMethod codeBase="D:\FindMyRoom-DotNetWebAPI\FindMyRoom\FindMyRoom.APIControllers.Tests\bin\Debug\netcoreapp2.1\FindMyRoom.APIControllers.Tests.dll" adapterTypeName="executor://mstestadapter/v2" className="FindMyRoom.APIControllers.Tests.UserControllerTest" name="PostUser_PositiveTestCases_TestResults" />
    </UnitTest>
[...]
    </UnitTest>
    <UnitTest name="UpdateRoom_City" storage="d:\findmyroom-dotnetwebapi\findmyroom\findmyroom.apicontrollers.tests\bin\debug\netcoreapp2.1\findmyroom.apicontrollers.tests.dll" id="813c7a8b-6ad3-b62a-ba49-46221f7434ca">
      <Execution id="9dc18d3a-ad18-4acf-9376-6f766e161421" />
      <TestMethod codeBase="D:\FindMyRoom-DotNetWebAPI\FindMyRoom\FindMyRoom.APIControllers.Tests\bin\Debug\netcoreapp2.1\FindMyRoom.APIControllers.Tests.dll" adapterTypeName="executor://mstestadapter/v2" className="FindMyRoom.APIControllers.Tests.RoomsControllerTest" name="UpdateRoom_City" />
    </UnitTest>
    <UnitTest name="PostUser_NegativeTestCases_TestResults" storage="d:\findmyroom-dotnetwebapi\findmyroom\findmyroom.apicontrollers.tests\bin\debug\netcoreapp2.1\findmyroom.apicontrollers.tests.dll" id="283d7f43-718c-b569-5177-488758b100c9">
      <Execution id="a7e595d9-8e4d-4fa6-8260-1171152f2f8e" />
      <TestMethod codeBase="D:\FindMyRoom-DotNetWebAPI\FindMyRoom\FindMyRoom.APIControllers.Tests\bin\Debug\netcoreapp2.1\FindMyRoom.APIControllers.Tests.dll" adapterTypeName="executor://mstestadapter/v2" className="FindMyRoom.APIControllers.Tests.UserControllerTest" name="PostUser_NegativeTestCases_TestResults" />
    </UnitTest>
    <UnitTest name="UpdateRoom_Description" storage="d:\findmyroom-dotnetwebapi\findmyroom\findmyroom.apicontrollers.tests\bin\debug\netcoreapp2.1\findmyroom.apicontrollers.tests.dll" id="5a4d6600-b454-f1d3-a6b2-22ce8b27d245">
      <Execution id="d52ff195-e627-44b6-b517-c77a2df62159" />
      <TestMethod codeBase="D:\FindMyRoom-DotNetWebAPI\FindMyRoom\FindMyRoom.APIControllers.Tests\bin\Debug\netcoreapp2.1\FindMyRoom.APIControllers.Tests.dll" adapterTypeName="executor://mstestadapter/v2" className="FindMyRoom.APIControllers.Tests.RoomsControllerTest" name="UpdateRoom_Description" />
    </UnitTest>
    <UnitTest name="ForgetPassword_NegativeUserTestCases_PasswordEmpty_TestResults" storage="d:\findmyroom-dotnetwebapi\findmyroom\findmyroom.apicontrollers.tests\bin\debug\netcoreapp2.1\findmyroom.apicontrollers.tests.dll" id="5f2933d1-9009-093a-59c8-fa64ae354286">
      <Execution id="18dec94e-fecd-46dc-8f93-7d438117dc1d" />
      <TestMethod codeBase="D:\FindMyRoom-DotNetWebAPI\FindMyRoom\FindMyRoom.APIControllers.Tests\bin\Debug\netcoreapp2.1\FindMyRoom.APIControllers.Tests.dll" adapterTypeName="executor://mstestadapter/v2" className="FindMyRoom.APIControllers.Tests.UserControllerTest" name="ForgetPassword_NegativeUserTestCases_PasswordEmpty_TestResults" />
    </UnitTest>
    <UnitTest name="PostRoomsNegative_Description" storage="d:\findmyroom-dotnetwebapi\findmyroom\findmyroom.apicontrollers.tests\bin\debug\netcoreapp2.1\findmyroom.apicontrollers.tests.dll" id="50be2479-b9cd-9b56-aad0-32c1990d82f1">
      <Execution id="4c2da0ee-5426-4ac0-b584-08870b1240df" />
      <TestMethod codeBase="D:\FindMyRoom-DotNetWebAPI\FindMyRoom\FindMyRoom.APIControllers.Tests\bin\Debug\netcoreapp2.1\FindMyRoom.APIControllers.Tests.dll" adapterTypeName="executor://mstestadapter/v2" className="FindMyRoom.APIControllers.Tests.RoomsControllerTest" name="PostRoomsNegative_Description" />
    </UnitTest>
    <UnitTest name="PostRooms_Positive" storage="d:\findmyroom-dotnetwebapi\findmyroom\findmyroom.apicontrollers.tests\bin\debug\netcoreapp2.1\findmyroom.apicontrollers.tests.dll" id="46ca5253-d386-672c-a403-b61b1bc7d34e">
      <Execution id="9f7ef168-d97b-428b-9651-9f8c24078f78" />
      <TestMethod codeBase="D:\FindMyRoom-DotNetWebAPI\FindMyRoom\FindMyRoom.APIControllers.Tests\bin\Debug\netcoreapp2.1\FindMyRoom.APIControllers.Tests.dll" adapterTypeName="executor://mstestadapter/v2" className="FindMyRoom.APIControllers.Tests.RoomsControllerTest" name="PostRooms_Positive" />
    </UnitTest>
    <UnitTest name="GetImage_Negative" storage="d:\findmyroom-dotnetwebapi\findmyroom\findmyroom.apicontrollers.tests\bin\debug\netcoreapp2.1\findmyroom.apicontrollers.tests.dll" id="04122da2-50b5-4447-1b57-046a7ca05029">
      <Execution id="3279c35e-bcd3-43c2-86dc-0f3aafb8e8b5" />
      <TestMethod codeBase="D:\FindMyRoom-DotNetWebAPI\FindMyRoom\FindMyRoom.APIControllers.Tests\bin\Debug\netcoreapp2.1\FindMyRoom.APIControllers.Tests.dll" adapterTypeName="executor://mstestadapter/v2" className="FindMyRoom.APIControllers.Tests.RoomsControllerTest" name="GetImage_Negative" />
    </UnitTest>
    <UnitTest name="UpdateRoom_Status" storage="d:\findmyroom-dotnetwebapi\findmyroom\findmyroom.apicontrollers.tests\bin\debug\netcoreapp2.1\findmyroom.apicontrollers.tests.dll" id="f1364233-df5d-c4cd-76c7-cc5564783fb6">
      <Execution id="322e1139-44a4-400d-bb06-592da5ab25d0" />
      <TestMethod codeBase="D:\FindMyRoom-DotNetWebAPI\FindMyRoom\FindMyRoom.APIControllers.Tests\bin\Debug\netcoreapp2.1\FindMyRoom.APIControllers.Tests.dll" adapterTypeName="executor://mstestadapter/v2" className="FindMyRoom.APIControllers.Tests.RoomsControllerTest" name="UpdateRoom_Status" />
    </UnitTest>
  </TestDefinitions>
  <TestEntries>
    <TestEntry testId="e72ec655-e787-c02c-b8ae-f4c6dbdfae49" executionId="b289436d-6cc3-4017-a3e9-b440eec2a727" testListId="8c84fa94-04c1-424b-9868-57a2d4851a1d" />
    <TestEntry testId="813c7a8b-6ad3-b62a-ba49-46221f7434ca" executionId="9dc18d3a-ad18-4acf-9376-6f766e161421" testListId="8c84fa94-04c1-424b-9868-57a2d4851a1d" />
    <TestEntry testId="9c3d46ec-294e-31ed-02e2-7b347bc7be49" executionId="3bfa03db-c7b6-4b31-997b-199dc92ea5d5" testListId="8c84fa94-04c1-424b-9868-57a2d4851a1d" />
    <TestEntry testId="f1364233-df5d-c4cd-76c7-cc5564783fb6" executionId="322e1139-44a4-400d-bb06-592da5ab25d0" testListId="8c84fa94-04c1-424b-9868-57a2d4851a1d" />
    <TestEntry testId="6e4792ae-ce9d-2328-d798-430a01c193fb" executionId="1d72a4bb-79d0-4168-a3d4-e6c80e66218d" testListId="8c84fa94-04c1-424b-9868-57a2d4851a1d" />
    <TestEntry testId="7b23e301-8076-a1a0-2cd9-87ca021c820b" executionId="88abfb09-b28b-4040-bcfd-9febbfe4bc19" testListId="8c84fa94-04c1-424b-9868-57a2d4851a1d" />
    <TestEntry testId="453c355f-3842-c616-2904-4d770a0d7c76" executionId="73293483-11c5-433c-8e2f-14a5d53bb8c4" testListId="8c84fa94-04c1-424b-9868-57a2d4851a1d" />
    <TestEntry testId="684e31ee-8baf-8ff9-e3c5-b1fcd519d332" executionId="44586a73-79a4-4b23-90b4-ebdb5df12ff8" testListId="8c84fa94-04c1-424b-9868-57a2d4851a1d" />
    <TestEntry testId="ec012a3e-83cc-7a61-a60c-9766a8a22567" executionId="4dd5e550-b3f8-4a73-8cda-9cb69edd8a06" testListId="8c84fa94-04c1-424b-9868-57a2d4851a1d" />
    <TestEntry testId="79fc77c1-3398-16b6-b379-fb377d0b92fa" executionId="d7780e6a-019b-49f2-87b9-ecc3323a32a8" testListId="8c84fa94-04c1-424b-9868-57a2d4851a1d" />
    <TestEntry testId="9efc0cd4-a911-864b-977c-5e33beb5c126" executionId="f1ec0bbc-c063-46b5-9d56-1409ca508743" testListId="8c84fa94-04c1-424b-9868-57a2d4851a1d" />
    <TestEntry testId="29a68bb7-5c32-6f91-18a4-158721ea3270" executionId="881c5e47-fcda-462b-b228-b7dc0cfc2fd2" testListId="8c84fa94-04c1-424b-9868-57a2d4851a1d" />
    <TestEntry testId="6fa1e84c-fe67-720a-d0d1-344c764f2c84" executionId="afce4a8b-be22-4f3a-b164-f1aa1c8c07e9" testListId="8c84fa94-04c1-424b-9868-57a2d4851a1d" />
    <TestEntry testId="4b6289be-3a3d-96c2-8cf3-f1aed3ee088b" executionId="99c5fd3f-bcd4-4f7f-a1a7-1dba6d3cec97" testListId="8c84fa94-04c1-424b-9868-57a2d4851a1d" />
    <TestEntry testId="978c596d-466f-e14e-d91e-714864e049ff" executionId="4fca1b61-0ce2-485a-908d-3322fbb7ff05" testListId="8c84fa94-04c1-424b-9868-57a2d4851a1d" />
    <TestEntry testId="71aabf2b-d937-48ab-31a3-61341680d7c4" executionId="f04db0a3-b0ed-446f-9973-e539575f5334" testListId="8c84fa94-04c1-424b-9868-57a2d4851a1d" />
    <TestEntry testId="5ba561fe-67b0-1612-32ae-b22022b9039b" executionId="214004de-b921-4c14-bada-2d29328671d1" testListId="8c84fa94-04c1-424b-9868-57a2d4851a1d" />
    <TestEntry testId="fcbfbbad-70ac-f7be-94b0-129d3045fcff" executionId="4ade4ffd-ceee-43ed-92ca-254f85193bea" testListId="8c84fa94-04c1-424b-9868-57a2d4851a1d" />
    <TestEntry testId="dcbc6882-d219-43bd-ebc7-ff361dd2a184" executionId="fab0b7c2-e5cb-4a97-8642-eb8e35c97a9c" testListId="8c84fa94-04c1-424b-9868-57a2d4851a1d" />
    <TestEntry testId="f529477b-f2bf-ff16-fe5f-35b89e6fb1c6" executionId="a10419ad-62c2-48ad-82b0-542a73d9f800" testListId="8c84fa94-04c1-424b-9868-57a2d4851a1d" />
    <TestEntry testId="a625a0f0-ac82-044d-cae6-f031623f927b" executionId="61209059-6abc-46c2-83c5-0a54d99bf9ee" testListId="8c84fa94-04c1-424b-9868-57a2d4851a1d" />
    <TestEntry testId="4a1d8218-c43b-3803-8d97-8b7a0f4400b6" executionId="5ebc7c12-c1de-4975-bbc9-cf6be7945cbf" testListId="8c84fa94-04c1-424b-9868-57a2d4851a1d" />
    <TestEntry testId="4acd7c0a-d803-bab7-e0f3-1bc1830bee23" executionId="ae5319d0-b556-4dae-8d96-c171b145f7eb" testListId="8c84fa94-04c1-424b-9868-57a2d4851a1d" />
    <TestEntry testId="87b94d17-2e5b-4be0-bbfc-c8952981d270" executionId="8074bd00-2eb3-416a-a8ac-76abefa799f2" testListId="8c84fa94-04c1-424b-9868-57a2d4851a1d" />
    <TestEntry testId="7984c452-8771-3760-082b-d414738bf2b4" executionId="eb14a11b-f261-47a7-9b1a-1e0c37a6f6df" testListId="8c84fa94-04c1-424b-9868-57a2d4851a1d" />
    <TestEntry testId="a34a7b0f-df67-d926-aff8-36e4ee40f01d" executionId="0727c608-8de5-4376-a8af-8231b783cc91" testListId="8c84fa94-04c1-424b-9868-57a2d4851a1d" />
    <TestEntry testId="b4acd4ba-7514-16a2-f346-95cc8f3654f7" executionId="6eaeeb0f-9ee3-40b2-8a89-8450bdffff62" testListId="8c84fa94-04c1-424b-9868-57a2d4851a1d" />
    <TestEntry testId="fa53df6c-2fa4-8742-2033-257e859bfbc5" executionId="a588d6ca-118c-426b-bc19-d0050fee05c3" testListId="8c84fa94-04c1-424b-9868-57a2d4851a1d" />
    <TestEntry testId="5a4d6600-b454-f1d3-a6b2-22ce8b27d245" executionId="d52ff195-e627-44b6-b517-c77a2df62159" testListId="8c84fa94-04c1-424b-9868-57a2d4851a1d" />
    <TestEntry testId="5f2933d1-9009-093a-59c8-fa64ae354286" executionId="18dec94e-fecd-46dc-8f93-7d438117dc1d" testListId="8c84fa94-04c1-424b-9868-57a2d4851a1d" />
    <TestEntry testId="1f175d26-f05e-0007-f398-28054f45890b" executionId="252e18aa-e51f-45e7-b9f9-075ba3a65745" testListId="8c84fa94-04c1-424b-9868-57a2d4851a1d" />
    <TestEntry testId="7946010f-06cc-6029-1cf4-b672818419b0" executionId="214d47ff-c440-48ab-bd06-2075fecd6dca" testListId="8c84fa94-04c1-424b-9868-57a2d4851a1d" />
    <TestEntry testId="820a5720-72a3-1afb-3de4-e6a8dc30ee8c" executionId="6e3c0b8b-84ca-47e1-8374-e6a10d3b3cf5" testListId="8c84fa94-04c1-424b-9868-57a2d4851a1d" />
    <TestEntry testId="f0ecf184-0702-b464-d98f-f4d8d3feaf3a" executionId="105b77b3-7422-49f3-9483-241d90890450" testListId="8c84fa94-04c1-424b-9868-57a2d4851a1d" />
    <TestEntry testId="8a7f1bdf-308b-6e7f-1a46-a2314fa0d482" executionId="d562bc35-3361-4c8b-9b05-5c6b4e903756" testListId="8c84fa94-04c1-424b-9868-57a2d4851a1d" />
    <TestEntry testId="d07cb383-ad12-b9af-33e8-2ba404e67ef0" executionId="b68ff4a4-0a2a-42be-a7e6-e76c262923ea" testListId="8c84fa94-04c1-424b-9868-57a2d4851a1d" />
    <TestEntry testId="b57640f1-af1b-9dea-4484-0664f5ec8307" executionId="41a3d897-21fc-4bf4-88fe-7fbfe4c0cad8" testListId="8c84fa94-04c1-424b-9868-57a2d4851a1d" />
    <TestEntry testId="fc4bb100-68aa-ee1d-f8c4-991177bf5ed5" executionId="d337e4ec-b3e4-4ad9-be0f-c517ab3af186" testListId="8c84fa94-04c1-424b-9868-57a2d4851a1d" />
    <TestEntry testId="46ca5253-d386-672c-a403-b61b1bc7d34e" executionId="9f7ef168-d97b-428b-9651-9f8c24078f78" testListId="8c84fa94-04c1-424b-9868-57a2d4851a1d" />
    <TestEntry testId="84c162d8-1f90-fe95-9887-35ed14565c42" executionId="34e4cf67-129d-42ed-928a-6857aaabcccb" testListId="8c84fa94-04c1-424b-9868-57a2d4851a1d" />
    <TestEntry testId="704ff501-e50e-56b4-b5cc-dd1c66d78b6a" executionId="5faa9a4e-4aad-4475-b49b-5486c1c58278" testListId="8c84fa94-04c1-424b-9868-57a2d4851a1d" />
    <TestEntry testId="5a710e04-1a8a-4fad-1036-14a74bdbf6eb" executionId="81c1ce93-0506-48c1-8e3d-73c3ab4c5704" testListId="8c84fa94-04c1-424b-9868-57a2d4851a1d" />
    <TestEntry testId="2bffd2a5-edd8-fae8-1068-2e08df6a2461" executionId="c0aae8f3-2825-4a4a-9dbe-981c1ed0cf19" testListId="8c84fa94-04c1-424b-9868-57a2d4851a1d" />
    <TestEntry testId="988b653e-7f91-3834-b7e2-8cc3898c7f22" executionId="c37ea6c1-d13c-4200-9c87-80b5d3a1aabe" testListId="8c84fa94-04c1-424b-9868-57a2d4851a1d" />
    <TestEntry testId="5fd52be4-25d6-f321-a3d8-e402ff873284" executionId="ee24b78d-ab82-4ef7-b6c0-cb7f77a9955a" testListId="8c84fa94-04c1-424b-9868-57a2d4851a1d" />
    <TestEntry testId="de6a5982-50d1-96ed-dd72-966a52913b2e" executionId="5af45eac-864b-4ecf-8052-f947e82159c8" testListId="8c84fa94-04c1-424b-9868-57a2d4851a1d" />
    <TestEntry testId="17220f25-0238-e50b-9bad-343ba70b864c" executionId="7bd8ed55-25cb-4295-b556-8c811ef840c0" testListId="8c84fa94-04c1-424b-9868-57a2d4851a1d" />
    <TestEntry testId="716589f1-1ae3-421f-5994-2271031e8905" executionId="3e6da44e-e804-4021-ba07-034e5b6c391d" testListId="8c84fa94-04c1-424b-9868-57a2d4851a1d" />
    <TestEntry testId="83a010eb-c90d-389f-2d08-30b4d5e8e6a2" executionId="74af2399-eaa3-4fa9-954b-415858f787f5" testListId="8c84fa94-04c1-424b-9868-57a2d4851a1d" />
    <TestEntry testId="e1ff981d-e9ac-97fd-1e37-b79604ff9d2b" executionId="f4d47c57-40b7-4a61-bf4b-1440ba356fde" testListId="8c84fa94-04c1-424b-9868-57a2d4851a1d" />
    <TestEntry testId="f93c5bc5-f15f-3ac5-3755-8a7b262b7168" executionId="e47e4115-97e9-4b99-8481-7e1e6dc72f0a" testListId="8c84fa94-04c1-424b-9868-57a2d4851a1d" />
    <TestEntry testId="98e34931-8b4e-e927-75e7-df4bef0d2aaa" executionId="64e6720d-43c5-4c8c-9e04-35e0e08441d8" testListId="8c84fa94-04c1-424b-9868-57a2d4851a1d" />
    <TestEntry testId="283d7f43-718c-b569-5177-488758b100c9" executionId="a7e595d9-8e4d-4fa6-8260-1171152f2f8e" testListId="8c84fa94-04c1-424b-9868-57a2d4851a1d" />
    <TestEntry testId="8e5bfa26-f0df-1829-6e5a-26d45ae38d8c" executionId="d8c0708d-a3d0-44ff-bc3c-701fc75972ab" testListId="8c84fa94-04c1-424b-9868-57a2d4851a1d" />
    <TestEntry testId="9c34eb29-2f6f-10ee-405e-6b5dfad696c8" executionId="7bc27be0-7380-4c22-82a2-318ddc21859d" testListId="8c84fa94-04c1-424b-9868-57a2d4851a1d" />
    <TestEntry testId="a7cd8580-1740-cc9b-c3b6-6f305a2cb55e" executionId="8c249295-585f-49d3-aed5-718167587521" testListId="8c84fa94-04c1-424b-9868-57a2d4851a1d" />
    <TestEntry testId="11ac728d-2a54-3fb8-5fb2-01009e04aef6" executionId="1f5e0fbb-2dbc-4522-b58b-cb2d83ea8a7e" testListId="8c84fa94-04c1-424b-9868-57a2d4851a1d" />
    <TestEntry testId="d29933d7-470d-1458-d209-17730d3186d9" executionId="a429bee1-81d1-4838-9a1b-1f7429653c42" testListId="8c84fa94-04c1-424b-9868-57a2d4851a1d" />
    <TestEntry testId="56accf19-d97d-7891-b7ac-ace2289a2144" executionId="7bcd5cf5-1a8a-4a2a-8760-64b08e83e3a9" testListId="8c84fa94-04c1-424b-9868-57a2d4851a1d" />
    <TestEntry testId="534af682-3be2-6edc-8e5e-512dc4446dd6" executionId="b9fda8ba-bc79-4636-b218-fd40a4ff8e1c" testListId="8c84fa94-04c1-424b-9868-57a2d4851a1d" />
    <TestEntry testId="578e7e3f-2a84-f092-b9e4-d225ce96f5d5" executionId="48b81c82-c9a7-4263-9f5d-ed72e1ba6ed8" testListId="8c84fa94-04c1-424b-9868-57a2d4851a1d" />
    <TestEntry testId="04122da2-50b5-4447-1b57-046a7ca05029" executionId="3279c35e-bcd3-43c2-86dc-0f3aafb8e8b5" testListId="8c84fa94-04c1-424b-9868-57a2d4851a1d" />
    <TestEntry testId="2f04022c-12e7-138b-044e-1d6555036e5b" executionId="3971661b-bb2d-431a-b7cf-8048f7878cf0" testListId="8c84fa94-04c1-424b-9868-57a2d4851a1d" />
    <TestEntry testId="2091e9ae-07f1-7fa7-e9c4-f4c92f95144f" executionId="d3b62809-78bb-4c43-add0-d062bbeaffa3" testListId="8c84fa94-04c1-424b-9868-57a2d4851a1d" />
    <TestEntry testId="00dc4835-c6cc-0c86-f5e4-f4241102e1ce" executionId="d7f9d103-bf82-4140-9787-a770ed47e141" testListId="8c84fa94-04c1-424b-9868-57a2d4851a1d" />
    <TestEntry testId="13904b30-3c98-54c9-8793-abb88fded311" executionId="e7f2775d-a88d-4463-b875-c7c985d504d7" testListId="8c84fa94-04c1-424b-9868-57a2d4851a1d" />
    <TestEntry testId="50be2479-b9cd-9b56-aad0-32c1990d82f1" executionId="4c2da0ee-5426-4ac0-b584-08870b1240df" testListId="8c84fa94-04c1-424b-9868-57a2d4851a1d" />
    <TestEntry testId="7c82ba2d-e03d-4605-3d16-b4455b0cf834" executionId="46ead8d0-6fc0-48d1-9940-1b9a266b4f77" testListId="8c84fa94-04c1-424b-9868-57a2d4851a1d" />
    <TestEntry testId="fe7b70f5-d112-4e44-e729-02c0eb697008" executionId="d9b5b672-4dd6-4b6b-b61b-4da995638bf0" testListId="8c84fa94-04c1-424b-9868-57a2d4851a1d" />
    <TestEntry testId="67b1a39d-920e-dee3-dd60-bec36c1cff43" executionId="99eedb60-7b78-4b95-aac9-448cf8a141a7" testListId="8c84fa94-04c1-424b-9868-57a2d4851a1d" />
    <TestEntry testId="097994ea-6d0b-52c7-2bb7-9d197782fec6" executionId="ae7f4377-4dfa-4edc-a2b2-21fa0d7ffb36" testListId="8c84fa94-04c1-424b-9868-57a2d4851a1d" />
    <TestEntry testId="3364b022-b59c-7ea4-653d-7bfa5996f54c" executionId="d1c26beb-0c04-489e-932b-44e1dd21f875" testListId="8c84fa94-04c1-424b-9868-57a2d4851a1d" />
    <TestEntry testId="a4f94b9d-c83e-ffda-5ae4-96fc76e4b983" executionId="5bf18736-e448-4b1d-bfb4-df20d8741173" testListId="8c84fa94-04c1-424b-9868-57a2d4851a1d" />
    <TestEntry testId="f45a92ad-6d00-0b88-ef79-e0cd2df8e3c1" executionId="6603f85f-9ed2-45b2-aa3e-a44b3bfee5a9" testListId="8c84fa94-04c1-424b-9868-57a2d4851a1d" />
    <TestEntry testId="420c6335-572d-76e7-6102-dccbe4572229" executionId="54365c89-034b-4dfc-a80e-1039ebfc9b9e" testListId="8c84fa94-04c1-424b-9868-57a2d4851a1d" />
    <TestEntry testId="0096d01c-35b3-63d1-fb30-71015c79c186" executionId="49c53e51-4eac-4846-83cb-0f7c9bc02a02" testListId="8c84fa94-04c1-424b-9868-57a2d4851a1d" />
    <TestEntry testId="3a0c2a07-db35-9c4c-24a4-f89a8dde67c9" executionId="6d194192-ad23-471c-aa8c-19a7f1f4ed03" testListId="8c84fa94-04c1-424b-9868-57a2d4851a1d" />
    <TestEntry testId="e4efb08e-2483-d466-abc0-e3cc611c4268" executionId="02f55c7c-a10e-44ba-b399-3583f1ccce63" testListId="8c84fa94-04c1-424b-9868-57a2d4851a1d" />
    <TestEntry testId="ebb2f2bd-633f-6959-ddc6-dd18f352e0bc" executionId="4ae7bc2e-a221-49cc-876b-2933a5266a88" testListId="8c84fa94-04c1-424b-9868-57a2d4851a1d" />
    <TestEntry testId="ce66ccd4-8a15-e93a-9fc4-3a38ac9b8261" executionId="a08a967a-2687-488e-8334-dcb8a75490f1" testListId="8c84fa94-04c1-424b-9868-57a2d4851a1d" />
    <TestEntry testId="324811bc-ccee-ab25-46ba-d6440a818ce6" executionId="f98df134-fa2a-4f2f-9c7d-aa17a5410e2e" testListId="8c84fa94-04c1-424b-9868-57a2d4851a1d" />
    <TestEntry testId="716401e2-e2f5-54fb-2ed2-3b124e783d52" executionId="5a6861eb-f9b4-4df4-a138-ce9536643422" testListId="8c84fa94-04c1-424b-9868-57a2d4851a1d" />
    <TestEntry testId="0ed43f0b-d05b-c3a2-7d62-405f6c1d7a21" executionId="986087aa-f014-4a82-96b9-74e639e2d8d7" testListId="8c84fa94-04c1-424b-9868-57a2d4851a1d" />
    <TestEntry testId="9f7c458c-f436-d9bf-dec4-ff8d932e9833" executionId="5497ad57-64a9-4170-8eb7-4ba6666ce05d" testListId="8c84fa94-04c1-424b-9868-57a2d4851a1d" />
    <TestEntry testId="1c340fbb-74d2-2c48-ede5-df331dad7e10" executionId="10ad3651-58b3-4618-a301-eff8e7a677e0" testListId="8c84fa94-04c1-424b-9868-57a2d4851a1d" />
    <TestEntry testId="b4d1fff0-71d6-773e-2c54-ffc4331a50ff" executionId="ca1aa5b7-cc3d-494b-80e4-6b546b543afe" testListId="8c84fa94-04c1-424b-9868-57a2d4851a1d" />
    <TestEntry testId="14df84c6-3d45-7ee1-e3fd-da5199ee2566" executionId="27273604-ce99-43d7-9dba-1236b5725b65" testListId="8c84fa94-04c1-424b-9868-57a2d4851a1d" />
  </TestEntries>
  <TestLists>
    <TestList name="Results Not in a List" id="8c84fa94-04c1-424b-9868-57a2d4851a1d" />
    <TestList name="All Loaded Results" id="19431567-8539-422a-85d7-44ee4e166bda" />
  </TestLists>
  <ResultSummary outcome="Completed">
    <Counters total="87" executed="87" passed="87" failed="0" error="0" timeout="0" aborted="0" inconclusive="0" passedButRunAborted="0" notRunnable="0" notExecuted="0" disconnected="0" warning="0" completed="0" inProgress="0" pending="0" />
  </ResultSummary>
</TestRun>